CRITICAL - 2022-11-19 01:57:46 --> Undefined variable $service_stationData
in APPPATH\Views\components\service_station_nav.php on line 11.
 1 APPPATH\Views\components\service_station_nav.php(11): CodeIgniter\Debug\Exceptions->errorHandler(2, 'Undefined variable $service_stationData', 'APPPATH\\Views\\components\\service_station_nav.php', 11)
 2 SYSTEMPATH\View\View.php(213): include('APPPATH\\Views\\components\\service_station_nav.php')
 3 SYSTEMPATH\View\View.php(216): CodeIgniter\View\View->CodeIgniter\View\{closure}()
 4 SYSTEMPATH\Common.php(1134): CodeIgniter\View\View->render('App\\Views\\components\\service_station_nav', [], true)
 5 APPPATH\Views\layouts\service_station_layout.php(125): view('App\\Views\\components\\service_station_nav')
 6 SYSTEMPATH\View\View.php(213): include('APPPATH\\Views\\layouts\\service_station_layout.php')
 7 SYSTEMPATH\View\View.php(216): CodeIgniter\View\View->CodeIgniter\View\{closure}()
 8 SYSTEMPATH\View\View.php(229): CodeIgniter\View\View->render('layouts/service_station_layout', [], true)
 9 SYSTEMPATH\Common.php(1134): CodeIgniter\View\View->render('service_station/availability', [], true)
10 APPPATH\Controllers\StationController.php(64): view('service_station/availability', [...])
11 SYSTEMPATH\CodeIgniter.php(927): App\Controllers\StationController->availability()
12 SYSTEMPATH\CodeIgniter.php(482): CodeIgniter\CodeIgniter->runController(Object(App\Controllers\StationController))
13 SYSTEMPATH\CodeIgniter.php(351): CodeIgniter\CodeIgniter->handleRequest(null, Object(Config\Cache), false)
14 FCPATH\index.php(67): CodeIgniter\CodeIgniter->run()
CRITICAL - 2022-11-19 02:35:01 --> Undefined array key "day"
in APPPATH\Views\service_station\availability.php on line 91.
 1 APPPATH\Views\service_station\availability.php(91): CodeIgniter\Debug\Exceptions->errorHandler(2, 'Undefined array key "day"', 'APPPATH\\Views\\service_station\\availability.php', 91)
 2 SYSTEMPATH\View\View.php(213): include('APPPATH\\Views\\service_station\\availability.php')
 3 SYSTEMPATH\View\View.php(216): CodeIgniter\View\View->CodeIgniter\View\{closure}()
 4 SYSTEMPATH\Common.php(1134): CodeIgniter\View\View->render('service_station/availability', [], true)
 5 APPPATH\Controllers\StationController.php(64): view('service_station/availability', [...])
 6 SYSTEMPATH\CodeIgniter.php(927): App\Controllers\StationController->availability()
 7 SYSTEMPATH\CodeIgniter.php(482): CodeIgniter\CodeIgniter->runController(Object(App\Controllers\StationController))
 8 SYSTEMPATH\CodeIgniter.php(351): CodeIgniter\CodeIgniter->handleRequest(null, Object(Config\Cache), false)
 9 FCPATH\index.php(67): CodeIgniter\CodeIgniter->run()
CRITICAL - 2022-11-19 02:37:57 --> Undefined array key "day"
in APPPATH\Views\service_station\availability.php on line 91.
 1 APPPATH\Views\service_station\availability.php(91): CodeIgniter\Debug\Exceptions->errorHandler(2, 'Undefined array key "day"', 'APPPATH\\Views\\service_station\\availability.php', 91)
 2 SYSTEMPATH\View\View.php(213): include('APPPATH\\Views\\service_station\\availability.php')
 3 SYSTEMPATH\View\View.php(216): CodeIgniter\View\View->CodeIgniter\View\{closure}()
 4 SYSTEMPATH\Common.php(1134): CodeIgniter\View\View->render('service_station/availability', [], true)
 5 APPPATH\Controllers\StationController.php(64): view('service_station/availability', [...])
 6 SYSTEMPATH\CodeIgniter.php(927): App\Controllers\StationController->availability()
 7 SYSTEMPATH\CodeIgniter.php(482): CodeIgniter\CodeIgniter->runController(Object(App\Controllers\StationController))
 8 SYSTEMPATH\CodeIgniter.php(351): CodeIgniter\CodeIgniter->handleRequest(null, Object(Config\Cache), false)
 9 FCPATH\index.php(67): CodeIgniter\CodeIgniter->run()
CRITICAL - 2022-11-19 06:34:01 --> Invalid file: customer/appointments.php
in SYSTEMPATH\Exceptions\FrameworkException.php on line 33.
 1 SYSTEMPATH\View\View.php(201): CodeIgniter\Exceptions\FrameworkException::forInvalidFile('customer/appointments.php')
 2 SYSTEMPATH\Common.php(1134): CodeIgniter\View\View->render('customer/appointments', [], true)
 3 APPPATH\Controllers\CustomerController.php(68): view('customer/appointments', [...])
 4 SYSTEMPATH\CodeIgniter.php(927): App\Controllers\CustomerController->appointments()
 5 SYSTEMPATH\CodeIgniter.php(482): CodeIgniter\CodeIgniter->runController(Object(App\Controllers\CustomerController))
 6 SYSTEMPATH\CodeIgniter.php(351): CodeIgniter\CodeIgniter->handleRequest(null, Object(Config\Cache), false)
 7 FCPATH\index.php(67): CodeIgniter\CodeIgniter->run()
CRITICAL - 2022-11-19 06:44:22 --> Undefined variable $data
in APPPATH\Views\customer\appointments.php on line 63.
 1 APPPATH\Views\customer\appointments.php(63): CodeIgniter\Debug\Exceptions->errorHandler(2, 'Undefined variable $data', 'APPPATH\\Views\\customer\\appointments.php', 63)
 2 SYSTEMPATH\View\View.php(213): include('APPPATH\\Views\\customer\\appointments.php')
 3 SYSTEMPATH\View\View.php(216): CodeIgniter\View\View->CodeIgniter\View\{closure}()
 4 SYSTEMPATH\Common.php(1134): CodeIgniter\View\View->render('customer/appointments', [], true)
 5 APPPATH\Controllers\CustomerController.php(71): view('customer/appointments', [...])
 6 SYSTEMPATH\CodeIgniter.php(927): App\Controllers\CustomerController->appointments()
 7 SYSTEMPATH\CodeIgniter.php(482): CodeIgniter\CodeIgniter->runController(Object(App\Controllers\CustomerController))
 8 SYSTEMPATH\CodeIgniter.php(351): CodeIgniter\CodeIgniter->handleRequest(null, Object(Config\Cache), false)
 9 FCPATH\index.php(67): CodeIgniter\CodeIgniter->run()
CRITICAL - 2022-11-19 07:02:42 --> Cannot access offset of type string on string
in APPPATH\Views\customer\appointments.php on line 77.
 1 SYSTEMPATH\View\View.php(213): include()
 2 SYSTEMPATH\View\View.php(216): CodeIgniter\View\View->CodeIgniter\View\{closure}()
 3 SYSTEMPATH\Common.php(1134): CodeIgniter\View\View->render('customer/appointments', [], true)
 4 APPPATH\Controllers\CustomerController.php(78): view('customer/appointments', [...])
 5 SYSTEMPATH\CodeIgniter.php(927): App\Controllers\CustomerController->appointments()
 6 SYSTEMPATH\CodeIgniter.php(482): CodeIgniter\CodeIgniter->runController(Object(App\Controllers\CustomerController))
 7 SYSTEMPATH\CodeIgniter.php(351): CodeIgniter\CodeIgniter->handleRequest(null, Object(Config\Cache), false)
 8 FCPATH\index.php(67): CodeIgniter\CodeIgniter->run()
CRITICAL - 2022-11-19 07:03:10 --> Cannot access offset of type string on string
in APPPATH\Views\customer\appointments.php on line 77.
 1 SYSTEMPATH\View\View.php(213): include()
 2 SYSTEMPATH\View\View.php(216): CodeIgniter\View\View->CodeIgniter\View\{closure}()
 3 SYSTEMPATH\Common.php(1134): CodeIgniter\View\View->render('customer/appointments', [], true)
 4 APPPATH\Controllers\CustomerController.php(78): view('customer/appointments', [...])
 5 SYSTEMPATH\CodeIgniter.php(927): App\Controllers\CustomerController->appointments()
 6 SYSTEMPATH\CodeIgniter.php(482): CodeIgniter\CodeIgniter->runController(Object(App\Controllers\CustomerController))
 7 SYSTEMPATH\CodeIgniter.php(351): CodeIgniter\CodeIgniter->handleRequest(null, Object(Config\Cache), false)
 8 FCPATH\index.php(67): CodeIgniter\CodeIgniter->run()
CRITICAL - 2022-11-19 07:04:31 --> Undefined variable $ownerData
in APPPATH\Views\components\customer_navbar.php on line 9.
 1 APPPATH\Views\components\customer_navbar.php(9): CodeIgniter\Debug\Exceptions->errorHandler(2, 'Undefined variable $ownerData', 'APPPATH\\Views\\components\\customer_navbar.php', 9)
 2 SYSTEMPATH\View\View.php(213): include('APPPATH\\Views\\components\\customer_navbar.php')
 3 SYSTEMPATH\View\View.php(216): CodeIgniter\View\View->CodeIgniter\View\{closure}()
 4 SYSTEMPATH\Common.php(1134): CodeIgniter\View\View->render('App\\Views\\components\\customer_navbar', [], true)
 5 APPPATH\Views\layouts\customer_layout.php(115): view('App\\Views\\components\\customer_navbar')
 6 SYSTEMPATH\View\View.php(213): include('APPPATH\\Views\\layouts\\customer_layout.php')
 7 SYSTEMPATH\View\View.php(216): CodeIgniter\View\View->CodeIgniter\View\{closure}()
 8 SYSTEMPATH\View\View.php(229): CodeIgniter\View\View->render('layouts/customer_layout', [], true)
 9 SYSTEMPATH\Common.php(1134): CodeIgniter\View\View->render('customer/appointments', [], true)
10 APPPATH\Controllers\CustomerController.php(78): view('customer/appointments', [...])
11 SYSTEMPATH\CodeIgniter.php(927): App\Controllers\CustomerController->appointments()
12 SYSTEMPATH\CodeIgniter.php(482): CodeIgniter\CodeIgniter->runController(Object(App\Controllers\CustomerController))
13 SYSTEMPATH\CodeIgniter.php(351): CodeIgniter\CodeIgniter->handleRequest(null, Object(Config\Cache), false)
14 FCPATH\index.php(67): CodeIgniter\CodeIgniter->run()
CRITICAL - 2022-11-19 07:05:23 --> Undefined variable $ownerData
in APPPATH\Views\components\customer_navbar.php on line 9.
 1 APPPATH\Views\components\customer_navbar.php(9): CodeIgniter\Debug\Exceptions->errorHandler(2, 'Undefined variable $ownerData', 'APPPATH\\Views\\components\\customer_navbar.php', 9)
 2 SYSTEMPATH\View\View.php(213): include('APPPATH\\Views\\components\\customer_navbar.php')
 3 SYSTEMPATH\View\View.php(216): CodeIgniter\View\View->CodeIgniter\View\{closure}()
 4 SYSTEMPATH\Common.php(1134): CodeIgniter\View\View->render('App\\Views\\components\\customer_navbar', [], true)
 5 APPPATH\Views\layouts\customer_layout.php(115): view('App\\Views\\components\\customer_navbar')
 6 SYSTEMPATH\View\View.php(213): include('APPPATH\\Views\\layouts\\customer_layout.php')
 7 SYSTEMPATH\View\View.php(216): CodeIgniter\View\View->CodeIgniter\View\{closure}()
 8 SYSTEMPATH\View\View.php(229): CodeIgniter\View\View->render('layouts/customer_layout', [], true)
 9 SYSTEMPATH\Common.php(1134): CodeIgniter\View\View->render('customer/appointments', [], true)
10 APPPATH\Controllers\CustomerController.php(78): view('customer/appointments', [...])
11 SYSTEMPATH\CodeIgniter.php(927): App\Controllers\CustomerController->appointments()
12 SYSTEMPATH\CodeIgniter.php(482): CodeIgniter\CodeIgniter->runController(Object(App\Controllers\CustomerController))
13 SYSTEMPATH\CodeIgniter.php(351): CodeIgniter\CodeIgniter->handleRequest(null, Object(Config\Cache), false)
14 FCPATH\index.php(67): CodeIgniter\CodeIgniter->run()
CRITICAL - 2022-11-19 07:06:34 --> Cannot access offset of type string on string
in APPPATH\Views\customer\appointments.php on line 77.
 1 SYSTEMPATH\View\View.php(213): include()
 2 SYSTEMPATH\View\View.php(216): CodeIgniter\View\View->CodeIgniter\View\{closure}()
 3 SYSTEMPATH\Common.php(1134): CodeIgniter\View\View->render('customer/appointments', [], true)
 4 APPPATH\Controllers\CustomerController.php(78): view('customer/appointments', [...])
 5 SYSTEMPATH\CodeIgniter.php(927): App\Controllers\CustomerController->appointments()
 6 SYSTEMPATH\CodeIgniter.php(482): CodeIgniter\CodeIgniter->runController(Object(App\Controllers\CustomerController))
 7 SYSTEMPATH\CodeIgniter.php(351): CodeIgniter\CodeIgniter->handleRequest(null, Object(Config\Cache), false)
 8 FCPATH\index.php(67): CodeIgniter\CodeIgniter->run()
CRITICAL - 2022-11-19 07:09:25 --> Undefined variable $owner_id
in APPPATH\Controllers\CustomerController.php on line 72.
 1 APPPATH\Controllers\CustomerController.php(72): CodeIgniter\Debug\Exceptions->errorHandler(2, 'Undefined variable $owner_id', 'APPPATH\\Controllers\\CustomerController.php', 72)
 2 SYSTEMPATH\CodeIgniter.php(927): App\Controllers\CustomerController->appointments()
 3 SYSTEMPATH\CodeIgniter.php(482): CodeIgniter\CodeIgniter->runController(Object(App\Controllers\CustomerController))
 4 SYSTEMPATH\CodeIgniter.php(351): CodeIgniter\CodeIgniter->handleRequest(null, Object(Config\Cache), false)
 5 FCPATH\index.php(67): CodeIgniter\CodeIgniter->run()
CRITICAL - 2022-11-19 07:11:53 --> Call to undefined method App\Models\vehicleModel::getMyVehiclesg
in SYSTEMPATH\Model.php on line 774.
 1 APPPATH\Controllers\CustomerController.php(72): CodeIgniter\Model->__call('getMyVehiclesg', [...])
 2 SYSTEMPATH\CodeIgniter.php(927): App\Controllers\CustomerController->appointments()
 3 SYSTEMPATH\CodeIgniter.php(482): CodeIgniter\CodeIgniter->runController(Object(App\Controllers\CustomerController))
 4 SYSTEMPATH\CodeIgniter.php(351): CodeIgniter\CodeIgniter->handleRequest(null, Object(Config\Cache), false)
 5 FCPATH\index.php(67): CodeIgniter\CodeIgniter->run()
CRITICAL - 2022-11-19 07:16:11 --> Trying to access array offset on value of type null
in APPPATH\Views\customer\appointments.php on line 77.
 1 APPPATH\Views\customer\appointments.php(77): CodeIgniter\Debug\Exceptions->errorHandler(2, 'Trying to access array offset on value of type null', 'APPPATH\\Views\\customer\\appointments.php', 77)
 2 SYSTEMPATH\View\View.php(213): include('APPPATH\\Views\\customer\\appointments.php')
 3 SYSTEMPATH\View\View.php(216): CodeIgniter\View\View->CodeIgniter\View\{closure}()
 4 SYSTEMPATH\Common.php(1134): CodeIgniter\View\View->render('customer/appointments', [], true)
 5 APPPATH\Controllers\CustomerController.php(85): view('customer/appointments', [...])
 6 SYSTEMPATH\CodeIgniter.php(927): App\Controllers\CustomerController->appointments()
 7 SYSTEMPATH\CodeIgniter.php(482): CodeIgniter\CodeIgniter->runController(Object(App\Controllers\CustomerController))
 8 SYSTEMPATH\CodeIgniter.php(351): CodeIgniter\CodeIgniter->handleRequest(null, Object(Config\Cache), false)
 9 FCPATH\index.php(67): CodeIgniter\CodeIgniter->run()
CRITICAL - 2022-11-19 07:20:55 --> Undefined variable $vehicle
in APPPATH\Views\customer\appointments.php on line 76.
 1 APPPATH\Views\customer\appointments.php(76): CodeIgniter\Debug\Exceptions->errorHandler(2, 'Undefined variable $vehicle', 'APPPATH\\Views\\customer\\appointments.php', 76)
 2 SYSTEMPATH\View\View.php(213): include('APPPATH\\Views\\customer\\appointments.php')
 3 SYSTEMPATH\View\View.php(216): CodeIgniter\View\View->CodeIgniter\View\{closure}()
 4 SYSTEMPATH\Common.php(1134): CodeIgniter\View\View->render('customer/appointments', [], true)
 5 APPPATH\Controllers\CustomerController.php(86): view('customer/appointments', [...])
 6 SYSTEMPATH\CodeIgniter.php(927): App\Controllers\CustomerController->appointments()
 7 SYSTEMPATH\CodeIgniter.php(482): CodeIgniter\CodeIgniter->runController(Object(App\Controllers\CustomerController))
 8 SYSTEMPATH\CodeIgniter.php(351): CodeIgniter\CodeIgniter->handleRequest(null, Object(Config\Cache), false)
 9 FCPATH\index.php(67): CodeIgniter\CodeIgniter->run()
CRITICAL - 2022-11-19 07:21:52 --> Undefined variable $data2
in APPPATH\Views\customer\appointments.php on line 77.
 1 APPPATH\Views\customer\appointments.php(77): CodeIgniter\Debug\Exceptions->errorHandler(2, 'Undefined variable $data2', 'APPPATH\\Views\\customer\\appointments.php', 77)
 2 SYSTEMPATH\View\View.php(213): include('APPPATH\\Views\\customer\\appointments.php')
 3 SYSTEMPATH\View\View.php(216): CodeIgniter\View\View->CodeIgniter\View\{closure}()
 4 SYSTEMPATH\Common.php(1134): CodeIgniter\View\View->render('customer/appointments', [], true)
 5 APPPATH\Controllers\CustomerController.php(86): view('customer/appointments', [...])
 6 SYSTEMPATH\CodeIgniter.php(927): App\Controllers\CustomerController->appointments()
 7 SYSTEMPATH\CodeIgniter.php(482): CodeIgniter\CodeIgniter->runController(Object(App\Controllers\CustomerController))
 8 SYSTEMPATH\CodeIgniter.php(351): CodeIgniter\CodeIgniter->handleRequest(null, Object(Config\Cache), false)
 9 FCPATH\index.php(67): CodeIgniter\CodeIgniter->run()
CRITICAL - 2022-11-19 07:22:12 --> Undefined variable $data2
in APPPATH\Views\customer\appointments.php on line 77.
 1 APPPATH\Views\customer\appointments.php(77): CodeIgniter\Debug\Exceptions->errorHandler(2, 'Undefined variable $data2', 'APPPATH\\Views\\customer\\appointments.php', 77)
 2 SYSTEMPATH\View\View.php(213): include('APPPATH\\Views\\customer\\appointments.php')
 3 SYSTEMPATH\View\View.php(216): CodeIgniter\View\View->CodeIgniter\View\{closure}()
 4 SYSTEMPATH\Common.php(1134): CodeIgniter\View\View->render('customer/appointments', [], true)
 5 APPPATH\Controllers\CustomerController.php(86): view('customer/appointments', [...])
 6 SYSTEMPATH\CodeIgniter.php(927): App\Controllers\CustomerController->appointments()
 7 SYSTEMPATH\CodeIgniter.php(482): CodeIgniter\CodeIgniter->runController(Object(App\Controllers\CustomerController))
 8 SYSTEMPATH\CodeIgniter.php(351): CodeIgniter\CodeIgniter->handleRequest(null, Object(Config\Cache), false)
 9 FCPATH\index.php(67): CodeIgniter\CodeIgniter->run()
CRITICAL - 2022-11-19 07:22:59 --> Undefined variable $data2
in APPPATH\Views\customer\appointments.php on line 77.
 1 APPPATH\Views\customer\appointments.php(77): CodeIgniter\Debug\Exceptions->errorHandler(2, 'Undefined variable $data2', 'APPPATH\\Views\\customer\\appointments.php', 77)
 2 SYSTEMPATH\View\View.php(213): include('APPPATH\\Views\\customer\\appointments.php')
 3 SYSTEMPATH\View\View.php(216): CodeIgniter\View\View->CodeIgniter\View\{closure}()
 4 SYSTEMPATH\Common.php(1134): CodeIgniter\View\View->render('customer/appointments', [], true)
 5 APPPATH\Controllers\CustomerController.php(86): view('customer/appointments', [...])
 6 SYSTEMPATH\CodeIgniter.php(927): App\Controllers\CustomerController->appointments()
 7 SYSTEMPATH\CodeIgniter.php(482): CodeIgniter\CodeIgniter->runController(Object(App\Controllers\CustomerController))
 8 SYSTEMPATH\CodeIgniter.php(351): CodeIgniter\CodeIgniter->handleRequest(null, Object(Config\Cache), false)
 9 FCPATH\index.php(67): CodeIgniter\CodeIgniter->run()
CRITICAL - 2022-11-19 08:01:15 --> syntax error, unexpected variable "$station_id", expecting ")"
in APPPATH\Models\ServiceCatModel.php on line 39.
 1 SYSTEMPATH\Autoloader\Autoloader.php(259): CodeIgniter\Autoloader\Autoloader->includeFile('APPPATH\\Models\\ServiceCatModel.php')
 2 SYSTEMPATH\Autoloader\Autoloader.php(237): CodeIgniter\Autoloader\Autoloader->loadInNamespace('App\\Models\\ServiceCatModel')
 3 APPPATH\Controllers\CustomerController.php(67): CodeIgniter\Autoloader\Autoloader->loadClass('App\\Models\\ServiceCatModel')
 4 SYSTEMPATH\CodeIgniter.php(927): App\Controllers\CustomerController->appointments()
 5 SYSTEMPATH\CodeIgniter.php(482): CodeIgniter\CodeIgniter->runController(Object(App\Controllers\CustomerController))
 6 SYSTEMPATH\CodeIgniter.php(351): CodeIgniter\CodeIgniter->handleRequest(null, Object(Config\Cache), false)
 7 FCPATH\index.php(67): CodeIgniter\CodeIgniter->run()
CRITICAL - 2022-11-19 08:03:52 --> syntax error, unexpected variable "$station_id", expecting ")"
in APPPATH\Models\ServiceCatModel.php on line 39.
 1 SYSTEMPATH\Autoloader\Autoloader.php(259): CodeIgniter\Autoloader\Autoloader->includeFile('APPPATH\\Models\\ServiceCatModel.php')
 2 SYSTEMPATH\Autoloader\Autoloader.php(237): CodeIgniter\Autoloader\Autoloader->loadInNamespace('App\\Models\\ServiceCatModel')
 3 APPPATH\Controllers\CustomerController.php(67): CodeIgniter\Autoloader\Autoloader->loadClass('App\\Models\\ServiceCatModel')
 4 SYSTEMPATH\CodeIgniter.php(927): App\Controllers\CustomerController->appointments()
 5 SYSTEMPATH\CodeIgniter.php(482): CodeIgniter\CodeIgniter->runController(Object(App\Controllers\CustomerController))
 6 SYSTEMPATH\CodeIgniter.php(351): CodeIgniter\CodeIgniter->handleRequest(null, Object(Config\Cache), false)
 7 FCPATH\index.php(67): CodeIgniter\CodeIgniter->run()
CRITICAL - 2022-11-19 08:04:18 --> syntax error, unexpected variable "$station_id", expecting ")"
in APPPATH\Models\ServiceCatModel.php on line 39.
 1 SYSTEMPATH\Autoloader\Autoloader.php(259): CodeIgniter\Autoloader\Autoloader->includeFile('APPPATH\\Models\\ServiceCatModel.php')
 2 SYSTEMPATH\Autoloader\Autoloader.php(237): CodeIgniter\Autoloader\Autoloader->loadInNamespace('App\\Models\\ServiceCatModel')
 3 APPPATH\Controllers\CustomerController.php(67): CodeIgniter\Autoloader\Autoloader->loadClass('App\\Models\\ServiceCatModel')
 4 SYSTEMPATH\CodeIgniter.php(927): App\Controllers\CustomerController->appointments()
 5 SYSTEMPATH\CodeIgniter.php(482): CodeIgniter\CodeIgniter->runController(Object(App\Controllers\CustomerController))
 6 SYSTEMPATH\CodeIgniter.php(351): CodeIgniter\CodeIgniter->handleRequest(null, Object(Config\Cache), false)
 7 FCPATH\index.php(67): CodeIgniter\CodeIgniter->run()
CRITICAL - 2022-11-19 08:08:10 --> syntax error, unexpected token ")", expecting "->" or "?->" or "{" or "["
in APPPATH\Views\customer\appointments.php on line 98.
 1 SYSTEMPATH\View\View.php(216): CodeIgniter\View\View->CodeIgniter\View\{closure}()
 2 SYSTEMPATH\Common.php(1134): CodeIgniter\View\View->render('customer/appointments', [], true)
 3 APPPATH\Controllers\CustomerController.php(95): view('customer/appointments', [...])
 4 SYSTEMPATH\CodeIgniter.php(927): App\Controllers\CustomerController->appointments()
 5 SYSTEMPATH\CodeIgniter.php(482): CodeIgniter\CodeIgniter->runController(Object(App\Controllers\CustomerController))
 6 SYSTEMPATH\CodeIgniter.php(351): CodeIgniter\CodeIgniter->handleRequest(null, Object(Config\Cache), false)
 7 FCPATH\index.php(67): CodeIgniter\CodeIgniter->run()
CRITICAL - 2022-11-19 08:20:18 --> Undefined variable $station
in APPPATH\Views\customer\appointments.php on line 68.
 1 APPPATH\Views\customer\appointments.php(68): CodeIgniter\Debug\Exceptions->errorHandler(2, 'Undefined variable $station', 'APPPATH\\Views\\customer\\appointments.php', 68)
 2 SYSTEMPATH\View\View.php(213): include('APPPATH\\Views\\customer\\appointments.php')
 3 SYSTEMPATH\View\View.php(216): CodeIgniter\View\View->CodeIgniter\View\{closure}()
 4 SYSTEMPATH\Common.php(1134): CodeIgniter\View\View->render('customer/appointments', [], true)
 5 APPPATH\Controllers\CustomerController.php(97): view('customer/appointments', [...])
 6 SYSTEMPATH\CodeIgniter.php(927): App\Controllers\CustomerController->appointments()
 7 SYSTEMPATH\CodeIgniter.php(482): CodeIgniter\CodeIgniter->runController(Object(App\Controllers\CustomerController))
 8 SYSTEMPATH\CodeIgniter.php(351): CodeIgniter\CodeIgniter->handleRequest(null, Object(Config\Cache), false)
 9 FCPATH\index.php(67): CodeIgniter\CodeIgniter->run()
CRITICAL - 2022-11-19 08:23:36 --> Undefined array key "id"
in APPPATH\Views\customer\appointments.php on line 70.
 1 APPPATH\Views\customer\appointments.php(70): CodeIgniter\Debug\Exceptions->errorHandler(2, 'Undefined array key "id"', 'APPPATH\\Views\\customer\\appointments.php', 70)
 2 SYSTEMPATH\View\View.php(213): include('APPPATH\\Views\\customer\\appointments.php')
 3 SYSTEMPATH\View\View.php(216): CodeIgniter\View\View->CodeIgniter\View\{closure}()
 4 SYSTEMPATH\Common.php(1134): CodeIgniter\View\View->render('customer/appointments', [], true)
 5 APPPATH\Controllers\CustomerController.php(98): view('customer/appointments', [...])
 6 SYSTEMPATH\CodeIgniter.php(927): App\Controllers\CustomerController->appointments()
 7 SYSTEMPATH\CodeIgniter.php(482): CodeIgniter\CodeIgniter->runController(Object(App\Controllers\CustomerController))
 8 SYSTEMPATH\CodeIgniter.php(351): CodeIgniter\CodeIgniter->handleRequest(null, Object(Config\Cache), false)
 9 FCPATH\index.php(67): CodeIgniter\CodeIgniter->run()
CRITICAL - 2022-11-19 22:27:04 --> Namespace declaration statement has to be the very first statement or after any declare call in the script
in APPPATH\Models\time_slotModel.php on line 2.
 1 [internal function]: CodeIgniter\Debug\Exceptions->shutdownHandler()
CRITICAL - 2022-11-19 22:55:56 --> Undefined array key "id"
in APPPATH\Views\service_station\availability.php on line 77.
 1 APPPATH\Views\service_station\availability.php(77): CodeIgniter\Debug\Exceptions->errorHandler(2, 'Undefined array key "id"', 'APPPATH\\Views\\service_station\\availability.php', 77)
 2 SYSTEMPATH\View\View.php(213): include('APPPATH\\Views\\service_station\\availability.php')
 3 SYSTEMPATH\View\View.php(216): CodeIgniter\View\View->CodeIgniter\View\{closure}()
 4 SYSTEMPATH\Common.php(1134): CodeIgniter\View\View->render('service_station/availability', [], true)
 5 APPPATH\Controllers\StationController.php(72): view('service_station/availability', [...])
 6 SYSTEMPATH\CodeIgniter.php(927): App\Controllers\StationController->availability()
 7 SYSTEMPATH\CodeIgniter.php(482): CodeIgniter\CodeIgniter->runController(Object(App\Controllers\StationController))
 8 SYSTEMPATH\CodeIgniter.php(351): CodeIgniter\CodeIgniter->handleRequest(null, Object(Config\Cache), false)
 9 FCPATH\index.php(67): CodeIgniter\CodeIgniter->run()
CRITICAL - 2022-11-19 23:01:59 --> Undefined variable $base_url
in APPPATH\Views\service_station\availability.php on line 77.
 1 APPPATH\Views\service_station\availability.php(77): CodeIgniter\Debug\Exceptions->errorHandler(2, 'Undefined variable $base_url', 'APPPATH\\Views\\service_station\\availability.php', 77)
 2 SYSTEMPATH\View\View.php(213): include('APPPATH\\Views\\service_station\\availability.php')
 3 SYSTEMPATH\View\View.php(216): CodeIgniter\View\View->CodeIgniter\View\{closure}()
 4 SYSTEMPATH\Common.php(1134): CodeIgniter\View\View->render('service_station/availability', [], true)
 5 APPPATH\Controllers\StationController.php(72): view('service_station/availability', [...])
 6 SYSTEMPATH\CodeIgniter.php(927): App\Controllers\StationController->availability()
 7 SYSTEMPATH\CodeIgniter.php(482): CodeIgniter\CodeIgniter->runController(Object(App\Controllers\StationController))
 8 SYSTEMPATH\CodeIgniter.php(351): CodeIgniter\CodeIgniter->handleRequest(null, Object(Config\Cache), false)
 9 FCPATH\index.php(67): CodeIgniter\CodeIgniter->run()
CRITICAL - 2022-11-19 23:43:29 --> Undefined array key 0
in APPPATH\Models\availabilityModel.php on line 27.
 1 APPPATH\Models\availabilityModel.php(27): CodeIgniter\Debug\Exceptions->errorHandler(2, 'Undefined array key 0', 'APPPATH\\Models\\availabilityModel.php', 27)
 2 APPPATH\Controllers\StationController.php(89): App\Models\availabilityModel->getId('15', 'Tuesday', '07:00')
 3 SYSTEMPATH\CodeIgniter.php(927): App\Controllers\StationController->time_slot()
 4 SYSTEMPATH\CodeIgniter.php(482): CodeIgniter\CodeIgniter->runController(Object(App\Controllers\StationController))
 5 SYSTEMPATH\CodeIgniter.php(351): CodeIgniter\CodeIgniter->handleRequest(null, Object(Config\Cache), false)
 6 FCPATH\index.php(67): CodeIgniter\CodeIgniter->run()
CRITICAL - 2022-11-19 23:43:33 --> Undefined array key 0
in APPPATH\Models\availabilityModel.php on line 27.
 1 APPPATH\Models\availabilityModel.php(27): CodeIgniter\Debug\Exceptions->errorHandler(2, 'Undefined array key 0', 'APPPATH\\Models\\availabilityModel.php', 27)
 2 APPPATH\Controllers\StationController.php(89): App\Models\availabilityModel->getId('15', 'Tuesday', '07:00')
 3 SYSTEMPATH\CodeIgniter.php(927): App\Controllers\StationController->time_slot()
 4 SYSTEMPATH\CodeIgniter.php(482): CodeIgniter\CodeIgniter->runController(Object(App\Controllers\StationController))
 5 SYSTEMPATH\CodeIgniter.php(351): CodeIgniter\CodeIgniter->handleRequest(null, Object(Config\Cache), false)
 6 FCPATH\index.php(67): CodeIgniter\CodeIgniter->run()
CRITICAL - 2022-11-19 23:43:34 --> Undefined array key 0
in APPPATH\Models\availabilityModel.php on line 27.
 1 APPPATH\Models\availabilityModel.php(27): CodeIgniter\Debug\Exceptions->errorHandler(2, 'Undefined array key 0', 'APPPATH\\Models\\availabilityModel.php', 27)
 2 APPPATH\Controllers\StationController.php(89): App\Models\availabilityModel->getId('15', 'Tuesday', '07:00')
 3 SYSTEMPATH\CodeIgniter.php(927): App\Controllers\StationController->time_slot()
 4 SYSTEMPATH\CodeIgniter.php(482): CodeIgniter\CodeIgniter->runController(Object(App\Controllers\StationController))
 5 SYSTEMPATH\CodeIgniter.php(351): CodeIgniter\CodeIgniter->handleRequest(null, Object(Config\Cache), false)
 6 FCPATH\index.php(67): CodeIgniter\CodeIgniter->run()
CRITICAL - 2022-11-19 23:43:36 --> Undefined array key 0
in APPPATH\Models\availabilityModel.php on line 27.
 1 APPPATH\Models\availabilityModel.php(27): CodeIgniter\Debug\Exceptions->errorHandler(2, 'Undefined array key 0', 'APPPATH\\Models\\availabilityModel.php', 27)
 2 APPPATH\Controllers\StationController.php(89): App\Models\availabilityModel->getId('15', 'Tuesday', '07:00')
 3 SYSTEMPATH\CodeIgniter.php(927): App\Controllers\StationController->time_slot()
 4 SYSTEMPATH\CodeIgniter.php(482): CodeIgniter\CodeIgniter->runController(Object(App\Controllers\StationController))
 5 SYSTEMPATH\CodeIgniter.php(351): CodeIgniter\CodeIgniter->handleRequest(null, Object(Config\Cache), false)
 6 FCPATH\index.php(67): CodeIgniter\CodeIgniter->run()
CRITICAL - 2022-11-19 23:43:41 --> Undefined array key 0
in APPPATH\Models\availabilityModel.php on line 27.
 1 APPPATH\Models\availabilityModel.php(27): CodeIgniter\Debug\Exceptions->errorHandler(2, 'Undefined array key 0', 'APPPATH\\Models\\availabilityModel.php', 27)
 2 APPPATH\Controllers\StationController.php(89): App\Models\availabilityModel->getId('15', 'Tuesday', '07:30')
 3 SYSTEMPATH\CodeIgniter.php(927): App\Controllers\StationController->time_slot()
 4 SYSTEMPATH\CodeIgniter.php(482): CodeIgniter\CodeIgniter->runController(Object(App\Controllers\StationController))
 5 SYSTEMPATH\CodeIgniter.php(351): CodeIgniter\CodeIgniter->handleRequest(null, Object(Config\Cache), false)
 6 FCPATH\index.php(67): CodeIgniter\CodeIgniter->run()
CRITICAL - 2022-11-19 23:43:44 --> Undefined array key 0
in APPPATH\Models\availabilityModel.php on line 27.
 1 APPPATH\Models\availabilityModel.php(27): CodeIgniter\Debug\Exceptions->errorHandler(2, 'Undefined array key 0', 'APPPATH\\Models\\availabilityModel.php', 27)
 2 APPPATH\Controllers\StationController.php(89): App\Models\availabilityModel->getId('15', 'Tuesday', '07:00')
 3 SYSTEMPATH\CodeIgniter.php(927): App\Controllers\StationController->time_slot()
 4 SYSTEMPATH\CodeIgniter.php(482): CodeIgniter\CodeIgniter->runController(Object(App\Controllers\StationController))
 5 SYSTEMPATH\CodeIgniter.php(351): CodeIgniter\CodeIgniter->handleRequest(null, Object(Config\Cache), false)
 6 FCPATH\index.php(67): CodeIgniter\CodeIgniter->run()
CRITICAL - 2022-11-19 23:44:06 --> Undefined array key 0
in APPPATH\Models\availabilityModel.php on line 27.
 1 APPPATH\Models\availabilityModel.php(27): CodeIgniter\Debug\Exceptions->errorHandler(2, 'Undefined array key 0', 'APPPATH\\Models\\availabilityModel.php', 27)
 2 APPPATH\Controllers\StationController.php(89): App\Models\availabilityModel->getId('15', 'Monday', '07:00')
 3 SYSTEMPATH\CodeIgniter.php(927): App\Controllers\StationController->time_slot()
 4 SYSTEMPATH\CodeIgniter.php(482): CodeIgniter\CodeIgniter->runController(Object(App\Controllers\StationController))
 5 SYSTEMPATH\CodeIgniter.php(351): CodeIgniter\CodeIgniter->handleRequest(null, Object(Config\Cache), false)
 6 FCPATH\index.php(67): CodeIgniter\CodeIgniter->run()
CRITICAL - 2022-11-19 23:44:18 --> Undefined array key 0
in APPPATH\Models\availabilityModel.php on line 27.
 1 APPPATH\Models\availabilityModel.php(27): CodeIgniter\Debug\Exceptions->errorHandler(2, 'Undefined array key 0', 'APPPATH\\Models\\availabilityModel.php', 27)
 2 APPPATH\Controllers\StationController.php(89): App\Models\availabilityModel->getId('15', 'Monday', '07:00')
 3 SYSTEMPATH\CodeIgniter.php(927): App\Controllers\StationController->time_slot()
 4 SYSTEMPATH\CodeIgniter.php(482): CodeIgniter\CodeIgniter->runController(Object(App\Controllers\StationController))
 5 SYSTEMPATH\CodeIgniter.php(351): CodeIgniter\CodeIgniter->handleRequest(null, Object(Config\Cache), false)
 6 FCPATH\index.php(67): CodeIgniter\CodeIgniter->run()
CRITICAL - 2022-11-19 23:44:19 --> Undefined array key 0
in APPPATH\Models\availabilityModel.php on line 27.
 1 APPPATH\Models\availabilityModel.php(27): CodeIgniter\Debug\Exceptions->errorHandler(2, 'Undefined array key 0', 'APPPATH\\Models\\availabilityModel.php', 27)
 2 APPPATH\Controllers\StationController.php(89): App\Models\availabilityModel->getId('15', 'Tuesday', '07:00')
 3 SYSTEMPATH\CodeIgniter.php(927): App\Controllers\StationController->time_slot()
 4 SYSTEMPATH\CodeIgniter.php(482): CodeIgniter\CodeIgniter->runController(Object(App\Controllers\StationController))
 5 SYSTEMPATH\CodeIgniter.php(351): CodeIgniter\CodeIgniter->handleRequest(null, Object(Config\Cache), false)
 6 FCPATH\index.php(67): CodeIgniter\CodeIgniter->run()
CRITICAL - 2022-11-19 23:44:21 --> Undefined array key 0
in APPPATH\Models\availabilityModel.php on line 27.
 1 APPPATH\Models\availabilityModel.php(27): CodeIgniter\Debug\Exceptions->errorHandler(2, 'Undefined array key 0', 'APPPATH\\Models\\availabilityModel.php', 27)
 2 APPPATH\Controllers\StationController.php(89): App\Models\availabilityModel->getId('15', 'Tuesday', '07:30')
 3 SYSTEMPATH\CodeIgniter.php(927): App\Controllers\StationController->time_slot()
 4 SYSTEMPATH\CodeIgniter.php(482): CodeIgniter\CodeIgniter->runController(Object(App\Controllers\StationController))
 5 SYSTEMPATH\CodeIgniter.php(351): CodeIgniter\CodeIgniter->handleRequest(null, Object(Config\Cache), false)
 6 FCPATH\index.php(67): CodeIgniter\CodeIgniter->run()
CRITICAL - 2022-11-19 23:44:22 --> Undefined array key 0
in APPPATH\Models\availabilityModel.php on line 27.
 1 APPPATH\Models\availabilityModel.php(27): CodeIgniter\Debug\Exceptions->errorHandler(2, 'Undefined array key 0', 'APPPATH\\Models\\availabilityModel.php', 27)
 2 APPPATH\Controllers\StationController.php(89): App\Models\availabilityModel->getId('15', 'Tuesday', '08:00')
 3 SYSTEMPATH\CodeIgniter.php(927): App\Controllers\StationController->time_slot()
 4 SYSTEMPATH\CodeIgniter.php(482): CodeIgniter\CodeIgniter->runController(Object(App\Controllers\StationController))
 5 SYSTEMPATH\CodeIgniter.php(351): CodeIgniter\CodeIgniter->handleRequest(null, Object(Config\Cache), false)
 6 FCPATH\index.php(67): CodeIgniter\CodeIgniter->run()
CRITICAL - 2022-11-19 23:44:23 --> Undefined array key 0
in APPPATH\Models\availabilityModel.php on line 27.
 1 APPPATH\Models\availabilityModel.php(27): CodeIgniter\Debug\Exceptions->errorHandler(2, 'Undefined array key 0', 'APPPATH\\Models\\availabilityModel.php', 27)
 2 APPPATH\Controllers\StationController.php(89): App\Models\availabilityModel->getId('15', 'Tuesday', '08:30')
 3 SYSTEMPATH\CodeIgniter.php(927): App\Controllers\StationController->time_slot()
 4 SYSTEMPATH\CodeIgniter.php(482): CodeIgniter\CodeIgniter->runController(Object(App\Controllers\StationController))
 5 SYSTEMPATH\CodeIgniter.php(351): CodeIgniter\CodeIgniter->handleRequest(null, Object(Config\Cache), false)
 6 FCPATH\index.php(67): CodeIgniter\CodeIgniter->run()
CRITICAL - 2022-11-19 23:44:25 --> Undefined array key 0
in APPPATH\Models\availabilityModel.php on line 27.
 1 APPPATH\Models\availabilityModel.php(27): CodeIgniter\Debug\Exceptions->errorHandler(2, 'Undefined array key 0', 'APPPATH\\Models\\availabilityModel.php', 27)
 2 APPPATH\Controllers\StationController.php(89): App\Models\availabilityModel->getId('15', 'Monday', '08:30')
 3 SYSTEMPATH\CodeIgniter.php(927): App\Controllers\StationController->time_slot()
 4 SYSTEMPATH\CodeIgniter.php(482): CodeIgniter\CodeIgniter->runController(Object(App\Controllers\StationController))
 5 SYSTEMPATH\CodeIgniter.php(351): CodeIgniter\CodeIgniter->handleRequest(null, Object(Config\Cache), false)
 6 FCPATH\index.php(67): CodeIgniter\CodeIgniter->run()
CRITICAL - 2022-11-19 23:44:39 --> Undefined array key 0
in APPPATH\Models\availabilityModel.php on line 27.
 1 APPPATH\Models\availabilityModel.php(27): CodeIgniter\Debug\Exceptions->errorHandler(2, 'Undefined array key 0', 'APPPATH\\Models\\availabilityModel.php', 27)
 2 APPPATH\Controllers\StationController.php(89): App\Models\availabilityModel->getId('15', 'Monday', '07:00')
 3 SYSTEMPATH\CodeIgniter.php(927): App\Controllers\StationController->time_slot()
 4 SYSTEMPATH\CodeIgniter.php(482): CodeIgniter\CodeIgniter->runController(Object(App\Controllers\StationController))
 5 SYSTEMPATH\CodeIgniter.php(351): CodeIgniter\CodeIgniter->handleRequest(null, Object(Config\Cache), false)
 6 FCPATH\index.php(67): CodeIgniter\CodeIgniter->run()
CRITICAL - 2022-11-19 23:47:01 --> Undefined array key 0
in APPPATH\Models\availabilityModel.php on line 27.
 1 APPPATH\Models\availabilityModel.php(27): CodeIgniter\Debug\Exceptions->errorHandler(2, 'Undefined array key 0', 'APPPATH\\Models\\availabilityModel.php', 27)
 2 APPPATH\Controllers\StationController.php(89): App\Models\availabilityModel->getId('15', 'Monday', '07:00')
 3 SYSTEMPATH\CodeIgniter.php(927): App\Controllers\StationController->time_slot()
 4 SYSTEMPATH\CodeIgniter.php(482): CodeIgniter\CodeIgniter->runController(Object(App\Controllers\StationController))
 5 SYSTEMPATH\CodeIgniter.php(351): CodeIgniter\CodeIgniter->handleRequest(null, Object(Config\Cache), false)
 6 FCPATH\index.php(67): CodeIgniter\CodeIgniter->run()
CRITICAL - 2022-11-19 23:47:30 --> Undefined array key 0
in APPPATH\Models\availabilityModel.php on line 27.
 1 APPPATH\Models\availabilityModel.php(27): CodeIgniter\Debug\Exceptions->errorHandler(2, 'Undefined array key 0', 'APPPATH\\Models\\availabilityModel.php', 27)
 2 APPPATH\Controllers\StationController.php(89): App\Models\availabilityModel->getId('15', 'Monday', '07:00')
 3 SYSTEMPATH\CodeIgniter.php(927): App\Controllers\StationController->time_slot()
 4 SYSTEMPATH\CodeIgniter.php(482): CodeIgniter\CodeIgniter->runController(Object(App\Controllers\StationController))
 5 SYSTEMPATH\CodeIgniter.php(351): CodeIgniter\CodeIgniter->handleRequest(null, Object(Config\Cache), false)
 6 FCPATH\index.php(67): CodeIgniter\CodeIgniter->run()
CRITICAL - 2022-11-19 23:47:32 --> Undefined array key 0
in APPPATH\Models\availabilityModel.php on line 27.
 1 APPPATH\Models\availabilityModel.php(27): CodeIgniter\Debug\Exceptions->errorHandler(2, 'Undefined array key 0', 'APPPATH\\Models\\availabilityModel.php', 27)
 2 APPPATH\Controllers\StationController.php(89): App\Models\availabilityModel->getId('15', 'Monday', '07:30')
 3 SYSTEMPATH\CodeIgniter.php(927): App\Controllers\StationController->time_slot()
 4 SYSTEMPATH\CodeIgniter.php(482): CodeIgniter\CodeIgniter->runController(Object(App\Controllers\StationController))
 5 SYSTEMPATH\CodeIgniter.php(351): CodeIgniter\CodeIgniter->handleRequest(null, Object(Config\Cache), false)
 6 FCPATH\index.php(67): CodeIgniter\CodeIgniter->run()
ERROR - 2022-11-19 23:53:52 --> mysqli_sql_exception: You have an error in your SQL syntax; check the manual that corresponds to your MariaDB server version for the right syntax to use near '15'' and day='Monday' and time_slot = ''07:00''' at line 1 in C:\xampp\htdocs\service_station2\system\Database\MySQLi\Connection.php:292
Stack trace:
#0 C:\xampp\htdocs\service_station2\system\Database\MySQLi\Connection.php(292): mysqli->query('select id from ...', 0)
#1 C:\xampp\htdocs\service_station2\system\Database\BaseConnection.php(666): CodeIgniter\Database\MySQLi\Connection->execute('select id from ...')
#2 C:\xampp\htdocs\service_station2\system\Database\BaseConnection.php(593): CodeIgniter\Database\BaseConnection->simpleQuery('select id from ...')
#3 C:\xampp\htdocs\service_station2\app\Models\availabilityModel.php(25): CodeIgniter\Database\BaseConnection->query('select id from ...')
#4 C:\xampp\htdocs\service_station2\app\Controllers\StationController.php(89): App\Models\availabilityModel->getId('15', 'Monday', '07:00')
#5 C:\xampp\htdocs\service_station2\system\CodeIgniter.php(927): App\Controllers\StationController->time_slot()
#6 C:\xampp\htdocs\service_station2\system\CodeIgniter.php(482): CodeIgniter\CodeIgniter->runController(Object(App\Controllers\StationController))
#7 C:\xampp\htdocs\service_station2\system\CodeIgniter.php(351): CodeIgniter\CodeIgniter->handleRequest(NULL, Object(Config\Cache), false)
#8 C:\xampp\htdocs\service_station2\public\index.php(67): CodeIgniter\CodeIgniter->run()
#9 {main}
CRITICAL - 2022-11-19 23:53:52 --> Call to a member function getResult() on bool
in APPPATH\Models\availabilityModel.php on line 26.
 1 APPPATH\Controllers\StationController.php(89): App\Models\availabilityModel->getId('15', 'Monday', '07:00')
 2 SYSTEMPATH\CodeIgniter.php(927): App\Controllers\StationController->time_slot()
 3 SYSTEMPATH\CodeIgniter.php(482): CodeIgniter\CodeIgniter->runController(Object(App\Controllers\StationController))
 4 SYSTEMPATH\CodeIgniter.php(351): CodeIgniter\CodeIgniter->handleRequest(null, Object(Config\Cache), false)
 5 FCPATH\index.php(67): CodeIgniter\CodeIgniter->run()
CRITICAL - 2022-11-19 23:56:33 --> Undefined array key 0
in APPPATH\Models\availabilityModel.php on line 30.
 1 APPPATH\Models\availabilityModel.php(30): CodeIgniter\Debug\Exceptions->errorHandler(2, 'Undefined array key 0', 'APPPATH\\Models\\availabilityModel.php', 30)
 2 APPPATH\Controllers\StationController.php(89): App\Models\availabilityModel->getId('15', 'Monday', '07:00')
 3 SYSTEMPATH\CodeIgniter.php(927): App\Controllers\StationController->time_slot()
 4 SYSTEMPATH\CodeIgniter.php(482): CodeIgniter\CodeIgniter->runController(Object(App\Controllers\StationController))
 5 SYSTEMPATH\CodeIgniter.php(351): CodeIgniter\CodeIgniter->handleRequest(null, Object(Config\Cache), false)
 6 FCPATH\index.php(67): CodeIgniter\CodeIgniter->run()
CRITICAL - 2022-11-19 23:56:35 --> Undefined array key 0
in APPPATH\Models\availabilityModel.php on line 30.
 1 APPPATH\Models\availabilityModel.php(30): CodeIgniter\Debug\Exceptions->errorHandler(2, 'Undefined array key 0', 'APPPATH\\Models\\availabilityModel.php', 30)
 2 APPPATH\Controllers\StationController.php(89): App\Models\availabilityModel->getId('15', 'Monday', '07:30')
 3 SYSTEMPATH\CodeIgniter.php(927): App\Controllers\StationController->time_slot()
 4 SYSTEMPATH\CodeIgniter.php(482): CodeIgniter\CodeIgniter->runController(Object(App\Controllers\StationController))
 5 SYSTEMPATH\CodeIgniter.php(351): CodeIgniter\CodeIgniter->handleRequest(null, Object(Config\Cache), false)
 6 FCPATH\index.php(67): CodeIgniter\CodeIgniter->run()
CRITICAL - 2022-11-19 23:57:22 --> Undefined array key 0
in APPPATH\Models\availabilityModel.php on line 30.
 1 APPPATH\Models\availabilityModel.php(30): CodeIgniter\Debug\Exceptions->errorHandler(2, 'Undefined array key 0', 'APPPATH\\Models\\availabilityModel.php', 30)
 2 APPPATH\Controllers\StationController.php(89): App\Models\availabilityModel->getId('15', 'Monday', '07:00')
 3 SYSTEMPATH\CodeIgniter.php(927): App\Controllers\StationController->time_slot()
 4 SYSTEMPATH\CodeIgniter.php(482): CodeIgniter\CodeIgniter->runController(Object(App\Controllers\StationController))
 5 SYSTEMPATH\CodeIgniter.php(351): CodeIgniter\CodeIgniter->handleRequest(null, Object(Config\Cache), false)
 6 FCPATH\index.php(67): CodeIgniter\CodeIgniter->run()
