ERROR - 2022-11-23 00:06:41 --> mysqli_sql_exception: You have an error in your SQL syntax; check the manual that corresponds to your MariaDB server version for the right syntax to use near 'FROM service_stations
JOIN station_category
  ON service_stations.station_i...' at line 7 in C:\xampp\htdocs\service_station2\system\Database\MySQLi\Connection.php:292
Stack trace:
#0 C:\xampp\htdocs\service_station2\system\Database\MySQLi\Connection.php(292): mysqli->query('SELECT\r\n  servi...', 0)
#1 C:\xampp\htdocs\service_station2\system\Database\BaseConnection.php(666): CodeIgniter\Database\MySQLi\Connection->execute('SELECT\r\n  servi...')
#2 C:\xampp\htdocs\service_station2\system\Database\BaseConnection.php(593): CodeIgniter\Database\BaseConnection->simpleQuery('SELECT\r\n  servi...')
#3 C:\xampp\htdocs\service_station2\app\Models\ServiceStationModel.php(101): CodeIgniter\Database\BaseConnection->query('SELECT\r\n  servi...')
#4 C:\xampp\htdocs\service_station2\app\Controllers\CustomerController.php(712): App\Models\ServiceStationModel->get_service_stations('5')
#5 C:\xampp\htdocs\service_station2\system\CodeIgniter.php(927): App\Controllers\CustomerController->get_service_stations()
#6 C:\xampp\htdocs\service_station2\system\CodeIgniter.php(482): CodeIgniter\CodeIgniter->runController(Object(App\Controllers\CustomerController))
#7 C:\xampp\htdocs\service_station2\system\CodeIgniter.php(351): CodeIgniter\CodeIgniter->handleRequest(NULL, Object(Config\Cache), false)
#8 C:\xampp\htdocs\service_station2\public\index.php(67): CodeIgniter\CodeIgniter->run()
#9 {main}
CRITICAL - 2022-11-23 00:06:41 --> Call to a member function getResultArray() on bool
in APPPATH\Models\ServiceStationModel.php on line 104.
 1 APPPATH\Controllers\CustomerController.php(712): App\Models\ServiceStationModel->get_service_stations('5')
 2 SYSTEMPATH\CodeIgniter.php(927): App\Controllers\CustomerController->get_service_stations()
 3 SYSTEMPATH\CodeIgniter.php(482): CodeIgniter\CodeIgniter->runController(Object(App\Controllers\CustomerController))
 4 SYSTEMPATH\CodeIgniter.php(351): CodeIgniter\CodeIgniter->handleRequest(null, Object(Config\Cache), false)
 5 FCPATH\index.php(67): CodeIgniter\CodeIgniter->run()
CRITICAL - 2022-11-23 00:08:42 --> Undefined variable $service_station
in APPPATH\Views\service_station\stations_details.php on line 95.
 1 APPPATH\Views\service_station\stations_details.php(95): CodeIgniter\Debug\Exceptions->errorHandler(2, 'Undefined variable $service_station', 'APPPATH\\Views\\service_station\\stations_details.php', 95)
 2 SYSTEMPATH\View\View.php(213): include('APPPATH\\Views\\service_station\\stations_details.php')
 3 SYSTEMPATH\View\View.php(216): CodeIgniter\View\View->CodeIgniter\View\{closure}()
 4 SYSTEMPATH\Common.php(1134): CodeIgniter\View\View->render('service_station/stations_details', [], true)
 5 APPPATH\Controllers\CustomerController.php(717): view('service_station/stations_details', [...])
 6 SYSTEMPATH\CodeIgniter.php(927): App\Controllers\CustomerController->get_service_stations()
 7 SYSTEMPATH\CodeIgniter.php(482): CodeIgniter\CodeIgniter->runController(Object(App\Controllers\CustomerController))
 8 SYSTEMPATH\CodeIgniter.php(351): CodeIgniter\CodeIgniter->handleRequest(null, Object(Config\Cache), false)
 9 FCPATH\index.php(67): CodeIgniter\CodeIgniter->run()
CRITICAL - 2022-11-23 00:09:26 --> Undefined array key "activation"
in APPPATH\Views\service_station\stations_details.php on line 96.
 1 APPPATH\Views\service_station\stations_details.php(96): CodeIgniter\Debug\Exceptions->errorHandler(2, 'Undefined array key "activation"', 'APPPATH\\Views\\service_station\\stations_details.php', 96)
 2 SYSTEMPATH\View\View.php(213): include('APPPATH\\Views\\service_station\\stations_details.php')
 3 SYSTEMPATH\View\View.php(216): CodeIgniter\View\View->CodeIgniter\View\{closure}()
 4 SYSTEMPATH\Common.php(1134): CodeIgniter\View\View->render('service_station/stations_details', [], true)
 5 APPPATH\Controllers\CustomerController.php(717): view('service_station/stations_details', [...])
 6 SYSTEMPATH\CodeIgniter.php(927): App\Controllers\CustomerController->get_service_stations()
 7 SYSTEMPATH\CodeIgniter.php(482): CodeIgniter\CodeIgniter->runController(Object(App\Controllers\CustomerController))
 8 SYSTEMPATH\CodeIgniter.php(351): CodeIgniter\CodeIgniter->handleRequest(null, Object(Config\Cache), false)
 9 FCPATH\index.php(67): CodeIgniter\CodeIgniter->run()
CRITICAL - 2022-11-23 00:10:30 --> Undefined array key "station_name"
in APPPATH\Views\service_station\stations_details.php on line 130.
 1 APPPATH\Views\service_station\stations_details.php(130): CodeIgniter\Debug\Exceptions->errorHandler(2, 'Undefined array key "station_name"', 'APPPATH\\Views\\service_station\\stations_details.php', 130)
 2 SYSTEMPATH\View\View.php(213): include('APPPATH\\Views\\service_station\\stations_details.php')
 3 SYSTEMPATH\View\View.php(216): CodeIgniter\View\View->CodeIgniter\View\{closure}()
 4 SYSTEMPATH\Common.php(1134): CodeIgniter\View\View->render('service_station/stations_details', [], true)
 5 APPPATH\Controllers\CustomerController.php(717): view('service_station/stations_details', [...])
 6 SYSTEMPATH\CodeIgniter.php(927): App\Controllers\CustomerController->get_service_stations()
 7 SYSTEMPATH\CodeIgniter.php(482): CodeIgniter\CodeIgniter->runController(Object(App\Controllers\CustomerController))
 8 SYSTEMPATH\CodeIgniter.php(351): CodeIgniter\CodeIgniter->handleRequest(null, Object(Config\Cache), false)
 9 FCPATH\index.php(67): CodeIgniter\CodeIgniter->run()
CRITICAL - 2022-11-23 00:11:26 --> foreach() argument must be of type array|object, string given
in APPPATH\Views\service_station\stations_details.php on line 95.
 1 APPPATH\Views\service_station\stations_details.php(95): CodeIgniter\Debug\Exceptions->errorHandler(2, 'foreach() argument must be of type array|object, string given', 'APPPATH\\Views\\service_station\\stations_details.php', 95)
 2 SYSTEMPATH\View\View.php(213): include('APPPATH\\Views\\service_station\\stations_details.php')
 3 SYSTEMPATH\View\View.php(216): CodeIgniter\View\View->CodeIgniter\View\{closure}()
 4 SYSTEMPATH\Common.php(1134): CodeIgniter\View\View->render('service_station/stations_details', [], true)
 5 APPPATH\Controllers\CustomerController.php(717): view('service_station/stations_details', [...])
 6 SYSTEMPATH\CodeIgniter.php(927): App\Controllers\CustomerController->get_service_stations()
 7 SYSTEMPATH\CodeIgniter.php(482): CodeIgniter\CodeIgniter->runController(Object(App\Controllers\CustomerController))
 8 SYSTEMPATH\CodeIgniter.php(351): CodeIgniter\CodeIgniter->handleRequest(null, Object(Config\Cache), false)
 9 FCPATH\index.php(67): CodeIgniter\CodeIgniter->run()
CRITICAL - 2022-11-23 00:17:31 --> syntax error, unexpected token "}", expecting "," or ";"
in APPPATH\Views\service_station\stations_details.php on line 282.
 1 SYSTEMPATH\View\View.php(216): CodeIgniter\View\View->CodeIgniter\View\{closure}()
 2 SYSTEMPATH\Common.php(1134): CodeIgniter\View\View->render('service_station/stations_details', [], true)
 3 APPPATH\Controllers\CustomerController.php(717): view('service_station/stations_details', [...])
 4 SYSTEMPATH\CodeIgniter.php(927): App\Controllers\CustomerController->get_service_stations()
 5 SYSTEMPATH\CodeIgniter.php(482): CodeIgniter\CodeIgniter->runController(Object(App\Controllers\CustomerController))
 6 SYSTEMPATH\CodeIgniter.php(351): CodeIgniter\CodeIgniter->handleRequest(null, Object(Config\Cache), false)
 7 FCPATH\index.php(67): CodeIgniter\CodeIgniter->run()
CRITICAL - 2022-11-23 00:40:18 --> syntax error, unexpected token "use", expecting "," or ";"
in APPPATH\Controllers\CustomerController.php on line 17.
 1 SYSTEMPATH\Autoloader\Autoloader.php(259): CodeIgniter\Autoloader\Autoloader->includeFile('APPPATH\\Controllers\\CustomerController.php')
 2 SYSTEMPATH\Autoloader\Autoloader.php(237): CodeIgniter\Autoloader\Autoloader->loadInNamespace('App\\Controllers\\CustomerController')
 3 [internal function]: CodeIgniter\Autoloader\Autoloader->loadClass('App\\Controllers\\CustomerController')
 4 SYSTEMPATH\CodeIgniter.php(877): class_exists('\\App\\Controllers\\CustomerController', true)
 5 SYSTEMPATH\CodeIgniter.php(469): CodeIgniter\CodeIgniter->startController()
 6 SYSTEMPATH\CodeIgniter.php(351): CodeIgniter\CodeIgniter->handleRequest(null, Object(Config\Cache), false)
 7 FCPATH\index.php(67): CodeIgniter\CodeIgniter->run()
CRITICAL - 2022-11-23 00:43:43 --> Class "App\Controllers\LogsModel" not found
in APPPATH\Controllers\CustomerController.php on line 669.
 1 SYSTEMPATH\CodeIgniter.php(927): App\Controllers\CustomerController->attemptLogin()
 2 SYSTEMPATH\CodeIgniter.php(482): CodeIgniter\CodeIgniter->runController(Object(App\Controllers\CustomerController))
 3 SYSTEMPATH\CodeIgniter.php(351): CodeIgniter\CodeIgniter->handleRequest(null, Object(Config\Cache), false)
 4 FCPATH\index.php(67): CodeIgniter\CodeIgniter->run()
CRITICAL - 2022-11-23 00:53:25 --> syntax error, unexpected token ";"
in APPPATH\Views\users\users.php on line 74.
 1 SYSTEMPATH\View\View.php(216): CodeIgniter\View\View->CodeIgniter\View\{closure}()
 2 SYSTEMPATH\Common.php(1134): CodeIgniter\View\View->render('users/users', [], true)
 3 APPPATH\Controllers\UsersController.php(75): view('users/users', [...])
 4 SYSTEMPATH\CodeIgniter.php(927): App\Controllers\UsersController->users()
 5 SYSTEMPATH\CodeIgniter.php(482): CodeIgniter\CodeIgniter->runController(Object(App\Controllers\UsersController))
 6 SYSTEMPATH\CodeIgniter.php(351): CodeIgniter\CodeIgniter->handleRequest(null, Object(Config\Cache), false)
 7 FCPATH\index.php(67): CodeIgniter\CodeIgniter->run()
CRITICAL - 2022-11-23 01:20:06 --> Undefined array key "station_id"
in APPPATH\Views\admin\vehicle_owner\index.php on line 102.
 1 APPPATH\Views\admin\vehicle_owner\index.php(102): CodeIgniter\Debug\Exceptions->errorHandler(2, 'Undefined array key "station_id"', 'APPPATH\\Views\\admin\\vehicle_owner\\index.php', 102)
 2 SYSTEMPATH\View\View.php(213): include('APPPATH\\Views\\admin\\vehicle_owner\\index.php')
 3 SYSTEMPATH\View\View.php(216): CodeIgniter\View\View->CodeIgniter\View\{closure}()
 4 SYSTEMPATH\Common.php(1134): CodeIgniter\View\View->render('admin/vehicle_owner/index', [], true)
 5 APPPATH\Controllers\admin\StationController.php(57): view('admin/vehicle_owner/index', [...])
 6 SYSTEMPATH\CodeIgniter.php(927): App\Controllers\admin\StationController->vehicle_owner()
 7 SYSTEMPATH\CodeIgniter.php(482): CodeIgniter\CodeIgniter->runController(Object(App\Controllers\admin\StationController))
 8 SYSTEMPATH\CodeIgniter.php(351): CodeIgniter\CodeIgniter->handleRequest(null, Object(Config\Cache), false)
 9 FCPATH\index.php(67): CodeIgniter\CodeIgniter->run()
CRITICAL - 2022-11-23 01:20:41 --> Undefined array key "active"
in APPPATH\Views\admin\vehicle_owner\index.php on line 108.
 1 APPPATH\Views\admin\vehicle_owner\index.php(108): CodeIgniter\Debug\Exceptions->errorHandler(2, 'Undefined array key "active"', 'APPPATH\\Views\\admin\\vehicle_owner\\index.php', 108)
 2 SYSTEMPATH\View\View.php(213): include('APPPATH\\Views\\admin\\vehicle_owner\\index.php')
 3 SYSTEMPATH\View\View.php(216): CodeIgniter\View\View->CodeIgniter\View\{closure}()
 4 SYSTEMPATH\Common.php(1134): CodeIgniter\View\View->render('admin/vehicle_owner/index', [], true)
 5 APPPATH\Controllers\admin\StationController.php(57): view('admin/vehicle_owner/index', [...])
 6 SYSTEMPATH\CodeIgniter.php(927): App\Controllers\admin\StationController->vehicle_owner()
 7 SYSTEMPATH\CodeIgniter.php(482): CodeIgniter\CodeIgniter->runController(Object(App\Controllers\admin\StationController))
 8 SYSTEMPATH\CodeIgniter.php(351): CodeIgniter\CodeIgniter->handleRequest(null, Object(Config\Cache), false)
 9 FCPATH\index.php(67): CodeIgniter\CodeIgniter->run()
CRITICAL - 2022-11-23 01:20:55 --> Undefined array key "active"
in APPPATH\Views\admin\vehicle_owner\index.php on line 118.
 1 APPPATH\Views\admin\vehicle_owner\index.php(118): CodeIgniter\Debug\Exceptions->errorHandler(2, 'Undefined array key "active"', 'APPPATH\\Views\\admin\\vehicle_owner\\index.php', 118)
 2 SYSTEMPATH\View\View.php(213): include('APPPATH\\Views\\admin\\vehicle_owner\\index.php')
 3 SYSTEMPATH\View\View.php(216): CodeIgniter\View\View->CodeIgniter\View\{closure}()
 4 SYSTEMPATH\Common.php(1134): CodeIgniter\View\View->render('admin/vehicle_owner/index', [], true)
 5 APPPATH\Controllers\admin\StationController.php(57): view('admin/vehicle_owner/index', [...])
 6 SYSTEMPATH\CodeIgniter.php(927): App\Controllers\admin\StationController->vehicle_owner()
 7 SYSTEMPATH\CodeIgniter.php(482): CodeIgniter\CodeIgniter->runController(Object(App\Controllers\admin\StationController))
 8 SYSTEMPATH\CodeIgniter.php(351): CodeIgniter\CodeIgniter->handleRequest(null, Object(Config\Cache), false)
 9 FCPATH\index.php(67): CodeIgniter\CodeIgniter->run()
CRITICAL - 2022-11-23 01:40:36 --> Undefined array key "station_id"
in APPPATH\Views\admin\vehicle_owner\index.php on line 67.
 1 APPPATH\Views\admin\vehicle_owner\index.php(67): CodeIgniter\Debug\Exceptions->errorHandler(2, 'Undefined array key "station_id"', 'APPPATH\\Views\\admin\\vehicle_owner\\index.php', 67)
 2 SYSTEMPATH\View\View.php(213): include('APPPATH\\Views\\admin\\vehicle_owner\\index.php')
 3 SYSTEMPATH\View\View.php(216): CodeIgniter\View\View->CodeIgniter\View\{closure}()
 4 SYSTEMPATH\Common.php(1134): CodeIgniter\View\View->render('admin/vehicle_owner/index', [], true)
 5 APPPATH\Controllers\admin\StationController.php(57): view('admin/vehicle_owner/index', [...])
 6 SYSTEMPATH\CodeIgniter.php(927): App\Controllers\admin\StationController->vehicle_owner()
 7 SYSTEMPATH\CodeIgniter.php(482): CodeIgniter\CodeIgniter->runController(Object(App\Controllers\admin\StationController))
 8 SYSTEMPATH\CodeIgniter.php(351): CodeIgniter\CodeIgniter->handleRequest(null, Object(Config\Cache), false)
 9 FCPATH\index.php(67): CodeIgniter\CodeIgniter->run()
CRITICAL - 2022-11-23 06:43:35 --> Undefined array key "id"
in APPPATH\Views\service_station\dashboard.php on line 83.
 1 APPPATH\Views\service_station\dashboard.php(83): CodeIgniter\Debug\Exceptions->errorHandler(2, 'Undefined array key "id"', 'APPPATH\\Views\\service_station\\dashboard.php', 83)
 2 SYSTEMPATH\View\View.php(213): include('APPPATH\\Views\\service_station\\dashboard.php')
 3 SYSTEMPATH\View\View.php(216): CodeIgniter\View\View->CodeIgniter\View\{closure}()
 4 SYSTEMPATH\Common.php(1134): CodeIgniter\View\View->render('service_station/dashboard', [], true)
 5 APPPATH\Controllers\CustomerController.php(639): view('service_station/dashboard', [...])
 6 SYSTEMPATH\CodeIgniter.php(927): App\Controllers\CustomerController->attemptLogin()
 7 SYSTEMPATH\CodeIgniter.php(482): CodeIgniter\CodeIgniter->runController(Object(App\Controllers\CustomerController))
 8 SYSTEMPATH\CodeIgniter.php(351): CodeIgniter\CodeIgniter->handleRequest(null, Object(Config\Cache), false)
 9 FCPATH\index.php(67): CodeIgniter\CodeIgniter->run()
CRITICAL - 2022-11-23 06:43:58 --> Undefined array key "srtation_id"
in APPPATH\Views\service_station\dashboard.php on line 83.
 1 APPPATH\Views\service_station\dashboard.php(83): CodeIgniter\Debug\Exceptions->errorHandler(2, 'Undefined array key "srtation_id"', 'APPPATH\\Views\\service_station\\dashboard.php', 83)
 2 SYSTEMPATH\View\View.php(213): include('APPPATH\\Views\\service_station\\dashboard.php')
 3 SYSTEMPATH\View\View.php(216): CodeIgniter\View\View->CodeIgniter\View\{closure}()
 4 SYSTEMPATH\Common.php(1134): CodeIgniter\View\View->render('service_station/dashboard', [], true)
 5 APPPATH\Controllers\CustomerController.php(639): view('service_station/dashboard', [...])
 6 SYSTEMPATH\CodeIgniter.php(927): App\Controllers\CustomerController->attemptLogin()
 7 SYSTEMPATH\CodeIgniter.php(482): CodeIgniter\CodeIgniter->runController(Object(App\Controllers\CustomerController))
 8 SYSTEMPATH\CodeIgniter.php(351): CodeIgniter\CodeIgniter->handleRequest(null, Object(Config\Cache), false)
 9 FCPATH\index.php(67): CodeIgniter\CodeIgniter->run()
ERROR - 2022-11-23 08:07:14 --> mysqli_sql_exception: You have an error in your SQL syntax; check the manual that corresponds to your MariaDB server version for the right syntax to use near 'FROM complete_services
JOIN appointments
  ON complete_services.appointment...' at line 4 in C:\xampp\htdocs\service_station2\system\Database\MySQLi\Connection.php:292
Stack trace:
#0 C:\xampp\htdocs\service_station2\system\Database\MySQLi\Connection.php(292): mysqli->query('SELECT\r\n    \t\tc...', 0)
#1 C:\xampp\htdocs\service_station2\system\Database\BaseConnection.php(666): CodeIgniter\Database\MySQLi\Connection->execute('SELECT\r\n    \t\tc...')
#2 C:\xampp\htdocs\service_station2\system\Database\BaseConnection.php(593): CodeIgniter\Database\BaseConnection->simpleQuery('SELECT\r\n    \t\tc...')
#3 C:\xampp\htdocs\service_station2\app\Models\ServiceStationModel.php(127): CodeIgniter\Database\BaseConnection->query('SELECT\r\n    \t\tc...')
#4 C:\xampp\htdocs\service_station2\app\Controllers\StationController.php(817): App\Models\ServiceStationModel->complete_service_report('15', '2022-11-09')
#5 C:\xampp\htdocs\service_station2\system\CodeIgniter.php(927): App\Controllers\StationController->complete_report()
#6 C:\xampp\htdocs\service_station2\system\CodeIgniter.php(482): CodeIgniter\CodeIgniter->runController(Object(App\Controllers\StationController))
#7 C:\xampp\htdocs\service_station2\system\CodeIgniter.php(351): CodeIgniter\CodeIgniter->handleRequest(NULL, Object(Config\Cache), false)
#8 C:\xampp\htdocs\service_station2\public\index.php(67): CodeIgniter\CodeIgniter->run()
#9 {main}
CRITICAL - 2022-11-23 08:07:14 --> Call to a member function getResultArray() on bool
in APPPATH\Models\ServiceStationModel.php on line 130.
 1 APPPATH\Controllers\StationController.php(817): App\Models\ServiceStationModel->complete_service_report('15', '2022-11-09')
 2 SYSTEMPATH\CodeIgniter.php(927): App\Controllers\StationController->complete_report()
 3 SYSTEMPATH\CodeIgniter.php(482): CodeIgniter\CodeIgniter->runController(Object(App\Controllers\StationController))
 4 SYSTEMPATH\CodeIgniter.php(351): CodeIgniter\CodeIgniter->handleRequest(null, Object(Config\Cache), false)
 5 FCPATH\index.php(67): CodeIgniter\CodeIgniter->run()
CRITICAL - 2022-11-23 08:14:19 --> foreach() argument must be of type array|object, string given
in APPPATH\Views\service_station\complete_service_report.php on line 8.
 1 APPPATH\Views\service_station\complete_service_report.php(8): CodeIgniter\Debug\Exceptions->errorHandler(2, 'foreach() argument must be of type array|object, string given', 'APPPATH\\Views\\service_station\\complete_service_report.php', 8)
 2 SYSTEMPATH\View\View.php(213): include('APPPATH\\Views\\service_station\\complete_service_report.php')
 3 SYSTEMPATH\View\View.php(216): CodeIgniter\View\View->CodeIgniter\View\{closure}()
 4 SYSTEMPATH\Common.php(1134): CodeIgniter\View\View->render('service_station/complete_service_report', [], true)
 5 APPPATH\Controllers\StationController.php(824): view('service_station/complete_service_report', [...])
 6 SYSTEMPATH\CodeIgniter.php(927): App\Controllers\StationController->complete_report()
 7 SYSTEMPATH\CodeIgniter.php(482): CodeIgniter\CodeIgniter->runController(Object(App\Controllers\StationController))
 8 SYSTEMPATH\CodeIgniter.php(351): CodeIgniter\CodeIgniter->handleRequest(null, Object(Config\Cache), false)
 9 FCPATH\index.php(67): CodeIgniter\CodeIgniter->run()
CRITICAL - 2022-11-23 08:14:52 --> foreach() argument must be of type array|object, string given
in APPPATH\Views\service_station\complete_service_report.php on line 8.
 1 APPPATH\Views\service_station\complete_service_report.php(8): CodeIgniter\Debug\Exceptions->errorHandler(2, 'foreach() argument must be of type array|object, string given', 'APPPATH\\Views\\service_station\\complete_service_report.php', 8)
 2 SYSTEMPATH\View\View.php(213): include('APPPATH\\Views\\service_station\\complete_service_report.php')
 3 SYSTEMPATH\View\View.php(216): CodeIgniter\View\View->CodeIgniter\View\{closure}()
 4 SYSTEMPATH\Common.php(1134): CodeIgniter\View\View->render('service_station/complete_service_report', [], true)
 5 APPPATH\Controllers\StationController.php(824): view('service_station/complete_service_report', [...])
 6 SYSTEMPATH\CodeIgniter.php(927): App\Controllers\StationController->complete_report()
 7 SYSTEMPATH\CodeIgniter.php(482): CodeIgniter\CodeIgniter->runController(Object(App\Controllers\StationController))
 8 SYSTEMPATH\CodeIgniter.php(351): CodeIgniter\CodeIgniter->handleRequest(null, Object(Config\Cache), false)
 9 FCPATH\index.php(67): CodeIgniter\CodeIgniter->run()
CRITICAL - 2022-11-23 08:15:29 --> foreach() argument must be of type array|object, string given
in APPPATH\Views\service_station\complete_service_report.php on line 8.
 1 APPPATH\Views\service_station\complete_service_report.php(8): CodeIgniter\Debug\Exceptions->errorHandler(2, 'foreach() argument must be of type array|object, string given', 'APPPATH\\Views\\service_station\\complete_service_report.php', 8)
 2 SYSTEMPATH\View\View.php(213): include('APPPATH\\Views\\service_station\\complete_service_report.php')
 3 SYSTEMPATH\View\View.php(216): CodeIgniter\View\View->CodeIgniter\View\{closure}()
 4 SYSTEMPATH\Common.php(1134): CodeIgniter\View\View->render('service_station/complete_service_report', [], true)
 5 APPPATH\Controllers\StationController.php(824): view('service_station/complete_service_report', [...])
 6 SYSTEMPATH\CodeIgniter.php(927): App\Controllers\StationController->complete_report()
 7 SYSTEMPATH\CodeIgniter.php(482): CodeIgniter\CodeIgniter->runController(Object(App\Controllers\StationController))
 8 SYSTEMPATH\CodeIgniter.php(351): CodeIgniter\CodeIgniter->handleRequest(null, Object(Config\Cache), false)
 9 FCPATH\index.php(67): CodeIgniter\CodeIgniter->run()
CRITICAL - 2022-11-23 08:16:06 --> Trying to access array offset on value of type int
in APPPATH\Views\service_station\complete_service_report.php on line 10.
 1 APPPATH\Views\service_station\complete_service_report.php(10): CodeIgniter\Debug\Exceptions->errorHandler(2, 'Trying to access array offset on value of type int', 'APPPATH\\Views\\service_station\\complete_service_report.php', 10)
 2 SYSTEMPATH\View\View.php(213): include('APPPATH\\Views\\service_station\\complete_service_report.php')
 3 SYSTEMPATH\View\View.php(216): CodeIgniter\View\View->CodeIgniter\View\{closure}()
 4 SYSTEMPATH\Common.php(1134): CodeIgniter\View\View->render('service_station/complete_service_report', [], true)
 5 APPPATH\Controllers\StationController.php(824): view('service_station/complete_service_report', [...])
 6 SYSTEMPATH\CodeIgniter.php(927): App\Controllers\StationController->complete_report()
 7 SYSTEMPATH\CodeIgniter.php(482): CodeIgniter\CodeIgniter->runController(Object(App\Controllers\StationController))
 8 SYSTEMPATH\CodeIgniter.php(351): CodeIgniter\CodeIgniter->handleRequest(null, Object(Config\Cache), false)
 9 FCPATH\index.php(67): CodeIgniter\CodeIgniter->run()
CRITICAL - 2022-11-23 08:30:06 --> Undefined variable $date
in APPPATH\Views\service_station\complete_service_report.php on line 60.
 1 APPPATH\Views\service_station\complete_service_report.php(60): CodeIgniter\Debug\Exceptions->errorHandler(2, 'Undefined variable $date', 'APPPATH\\Views\\service_station\\complete_service_report.php', 60)
 2 SYSTEMPATH\View\View.php(213): include('APPPATH\\Views\\service_station\\complete_service_report.php')
 3 SYSTEMPATH\View\View.php(216): CodeIgniter\View\View->CodeIgniter\View\{closure}()
 4 SYSTEMPATH\Common.php(1134): CodeIgniter\View\View->render('service_station/complete_service_report', [], true)
 5 APPPATH\Controllers\StationController.php(824): view('service_station/complete_service_report', [...])
 6 SYSTEMPATH\CodeIgniter.php(927): App\Controllers\StationController->complete_report()
 7 SYSTEMPATH\CodeIgniter.php(482): CodeIgniter\CodeIgniter->runController(Object(App\Controllers\StationController))
 8 SYSTEMPATH\CodeIgniter.php(351): CodeIgniter\CodeIgniter->handleRequest(null, Object(Config\Cache), false)
 9 FCPATH\index.php(67): CodeIgniter\CodeIgniter->run()
CRITICAL - 2022-11-23 08:32:57 --> foreach() argument must be of type array|object, string given
in APPPATH\Views\service_station\complete_service_report.php on line 57.
 1 APPPATH\Views\service_station\complete_service_report.php(57): CodeIgniter\Debug\Exceptions->errorHandler(2, 'foreach() argument must be of type array|object, string given', 'APPPATH\\Views\\service_station\\complete_service_report.php', 57)
 2 SYSTEMPATH\View\View.php(213): include('APPPATH\\Views\\service_station\\complete_service_report.php')
 3 SYSTEMPATH\View\View.php(216): CodeIgniter\View\View->CodeIgniter\View\{closure}()
 4 SYSTEMPATH\Common.php(1134): CodeIgniter\View\View->render('service_station/complete_service_report', [], true)
 5 APPPATH\Controllers\StationController.php(824): view('service_station/complete_service_report', [...])
 6 SYSTEMPATH\CodeIgniter.php(927): App\Controllers\StationController->complete_report()
 7 SYSTEMPATH\CodeIgniter.php(482): CodeIgniter\CodeIgniter->runController(Object(App\Controllers\StationController))
 8 SYSTEMPATH\CodeIgniter.php(351): CodeIgniter\CodeIgniter->handleRequest(null, Object(Config\Cache), false)
 9 FCPATH\index.php(67): CodeIgniter\CodeIgniter->run()
CRITICAL - 2022-11-23 08:33:19 --> Undefined variable $
in APPPATH\Views\service_station\complete_service_report.php on line 57.
 1 APPPATH\Views\service_station\complete_service_report.php(57): CodeIgniter\Debug\Exceptions->errorHandler(2, 'Undefined variable $', 'APPPATH\\Views\\service_station\\complete_service_report.php', 57)
 2 SYSTEMPATH\View\View.php(213): include('APPPATH\\Views\\service_station\\complete_service_report.php')
 3 SYSTEMPATH\View\View.php(216): CodeIgniter\View\View->CodeIgniter\View\{closure}()
 4 SYSTEMPATH\Common.php(1134): CodeIgniter\View\View->render('service_station/complete_service_report', [], true)
 5 APPPATH\Controllers\StationController.php(824): view('service_station/complete_service_report', [...])
 6 SYSTEMPATH\CodeIgniter.php(927): App\Controllers\StationController->complete_report()
 7 SYSTEMPATH\CodeIgniter.php(482): CodeIgniter\CodeIgniter->runController(Object(App\Controllers\StationController))
 8 SYSTEMPATH\CodeIgniter.php(351): CodeIgniter\CodeIgniter->handleRequest(null, Object(Config\Cache), false)
 9 FCPATH\index.php(67): CodeIgniter\CodeIgniter->run()
CRITICAL - 2022-11-23 08:33:51 --> foreach() argument must be of type array|object, string given
in APPPATH\Views\service_station\complete_service_report.php on line 57.
 1 APPPATH\Views\service_station\complete_service_report.php(57): CodeIgniter\Debug\Exceptions->errorHandler(2, 'foreach() argument must be of type array|object, string given', 'APPPATH\\Views\\service_station\\complete_service_report.php', 57)
 2 SYSTEMPATH\View\View.php(213): include('APPPATH\\Views\\service_station\\complete_service_report.php')
 3 SYSTEMPATH\View\View.php(216): CodeIgniter\View\View->CodeIgniter\View\{closure}()
 4 SYSTEMPATH\Common.php(1134): CodeIgniter\View\View->render('service_station/complete_service_report', [], true)
 5 APPPATH\Controllers\StationController.php(824): view('service_station/complete_service_report', [...])
 6 SYSTEMPATH\CodeIgniter.php(927): App\Controllers\StationController->complete_report()
 7 SYSTEMPATH\CodeIgniter.php(482): CodeIgniter\CodeIgniter->runController(Object(App\Controllers\StationController))
 8 SYSTEMPATH\CodeIgniter.php(351): CodeIgniter\CodeIgniter->handleRequest(null, Object(Config\Cache), false)
 9 FCPATH\index.php(67): CodeIgniter\CodeIgniter->run()
CRITICAL - 2022-11-23 08:35:12 --> Call to undefined function get_field()
in APPPATH\Views\service_station\complete_service_report.php on line 56.
 1 SYSTEMPATH\View\View.php(213): include()
 2 SYSTEMPATH\View\View.php(216): CodeIgniter\View\View->CodeIgniter\View\{closure}()
 3 SYSTEMPATH\Common.php(1134): CodeIgniter\View\View->render('service_station/complete_service_report', [], true)
 4 APPPATH\Controllers\StationController.php(824): view('service_station/complete_service_report', [...])
 5 SYSTEMPATH\CodeIgniter.php(927): App\Controllers\StationController->complete_report()
 6 SYSTEMPATH\CodeIgniter.php(482): CodeIgniter\CodeIgniter->runController(Object(App\Controllers\StationController))
 7 SYSTEMPATH\CodeIgniter.php(351): CodeIgniter\CodeIgniter->handleRequest(null, Object(Config\Cache), false)
 8 FCPATH\index.php(67): CodeIgniter\CodeIgniter->run()
CRITICAL - 2022-11-23 08:36:46 --> Call to undefined function get_field()
in APPPATH\Views\service_station\complete_service_report.php on line 56.
 1 SYSTEMPATH\View\View.php(213): include()
 2 SYSTEMPATH\View\View.php(216): CodeIgniter\View\View->CodeIgniter\View\{closure}()
 3 SYSTEMPATH\Common.php(1134): CodeIgniter\View\View->render('service_station/complete_service_report', [], true)
 4 APPPATH\Controllers\StationController.php(824): view('service_station/complete_service_report', [...])
 5 SYSTEMPATH\CodeIgniter.php(927): App\Controllers\StationController->complete_report()
 6 SYSTEMPATH\CodeIgniter.php(482): CodeIgniter\CodeIgniter->runController(Object(App\Controllers\StationController))
 7 SYSTEMPATH\CodeIgniter.php(351): CodeIgniter\CodeIgniter->handleRequest(null, Object(Config\Cache), false)
 8 FCPATH\index.php(67): CodeIgniter\CodeIgniter->run()
CRITICAL - 2022-11-23 11:03:17 --> syntax error, unexpected token "[", expecting variable or "{" or "$"
in APPPATH\Views\service_station\complete_service_report.php on line 28.
 1 SYSTEMPATH\View\View.php(216): CodeIgniter\View\View->CodeIgniter\View\{closure}()
 2 SYSTEMPATH\Common.php(1134): CodeIgniter\View\View->render('service_station/complete_service_report', [], true)
 3 APPPATH\Controllers\StationController.php(837): view('service_station/complete_service_report', [...])
 4 SYSTEMPATH\CodeIgniter.php(927): App\Controllers\StationController->complete_report()
 5 SYSTEMPATH\CodeIgniter.php(482): CodeIgniter\CodeIgniter->runController(Object(App\Controllers\StationController))
 6 SYSTEMPATH\CodeIgniter.php(351): CodeIgniter\CodeIgniter->handleRequest(null, Object(Config\Cache), false)
 7 FCPATH\index.php(67): CodeIgniter\CodeIgniter->run()
CRITICAL - 2022-11-23 21:44:15 --> foreach() argument must be of type array|object, string given
in APPPATH\Views\service_station\complete_service_report.php on line 31.
 1 APPPATH\Views\service_station\complete_service_report.php(31): CodeIgniter\Debug\Exceptions->errorHandler(2, 'foreach() argument must be of type array|object, string given', 'APPPATH\\Views\\service_station\\complete_service_report.php', 31)
 2 SYSTEMPATH\View\View.php(213): include('APPPATH\\Views\\service_station\\complete_service_report.php')
 3 SYSTEMPATH\View\View.php(216): CodeIgniter\View\View->CodeIgniter\View\{closure}()
 4 SYSTEMPATH\Common.php(1134): CodeIgniter\View\View->render('service_station/complete_service_report', [], true)
 5 APPPATH\Controllers\StationController.php(837): view('service_station/complete_service_report', [...])
 6 SYSTEMPATH\CodeIgniter.php(927): App\Controllers\StationController->complete_report()
 7 SYSTEMPATH\CodeIgniter.php(482): CodeIgniter\CodeIgniter->runController(Object(App\Controllers\StationController))
 8 SYSTEMPATH\CodeIgniter.php(351): CodeIgniter\CodeIgniter->handleRequest(null, Object(Config\Cache), false)
 9 FCPATH\index.php(67): CodeIgniter\CodeIgniter->run()
