CRITICAL - 2022-12-26 01:04:48 --> Namespace declaration statement has to be the very first statement or after any declare call in the script
in APPPATH/Config/Routes.php on line 3.
 1 [internal function]: CodeIgniter\Debug\Exceptions->shutdownHandler()
CRITICAL - 2022-12-26 01:06:06 --> Namespace declaration statement has to be the very first statement or after any declare call in the script
in APPPATH/Config/Routes.php on line 2.
 1 [internal function]: CodeIgniter\Debug\Exceptions->shutdownHandler()
CRITICAL - 2022-12-26 01:06:17 --> Namespace declaration statement has to be the very first statement or after any declare call in the script
in APPPATH/Config/Routes.php on line 2.
 1 [internal function]: CodeIgniter\Debug\Exceptions->shutdownHandler()
CRITICAL - 2022-12-26 01:28:37 --> Call to undefined method CodeIgniter\Router\RouteCollection::gestation_dashboardt()
in APPPATH/Config/Routes.php on line 40.
 1 SYSTEMPATH/CodeIgniter.php(789): require()
 2 SYSTEMPATH/CodeIgniter.php(430): CodeIgniter\CodeIgniter->tryToRouteIt(Object(CodeIgniter\Router\RouteCollection))
 3 SYSTEMPATH/CodeIgniter.php(351): CodeIgniter\CodeIgniter->handleRequest(null, Object(Config\Cache), false)
 4 FCPATH/index.php(67): CodeIgniter\CodeIgniter->run()
CRITICAL - 2022-12-26 01:28:38 --> Call to undefined method CodeIgniter\Router\RouteCollection::gestation_dashboardt()
in APPPATH/Config/Routes.php on line 40.
 1 SYSTEMPATH/CodeIgniter.php(789): require()
 2 SYSTEMPATH/CodeIgniter.php(430): CodeIgniter\CodeIgniter->tryToRouteIt(Object(CodeIgniter\Router\RouteCollection))
 3 SYSTEMPATH/CodeIgniter.php(351): CodeIgniter\CodeIgniter->handleRequest(null, Object(Config\Cache), false)
 4 FCPATH/index.php(67): CodeIgniter\CodeIgniter->run()
CRITICAL - 2022-12-26 01:28:41 --> Call to undefined method CodeIgniter\Router\RouteCollection::gestation_dashboardt()
in APPPATH/Config/Routes.php on line 40.
 1 SYSTEMPATH/CodeIgniter.php(789): require()
 2 SYSTEMPATH/CodeIgniter.php(430): CodeIgniter\CodeIgniter->tryToRouteIt(Object(CodeIgniter\Router\RouteCollection))
 3 SYSTEMPATH/CodeIgniter.php(351): CodeIgniter\CodeIgniter->handleRequest(null, Object(Config\Cache), false)
 4 FCPATH/index.php(67): CodeIgniter\CodeIgniter->run()
CRITICAL - 2022-12-26 01:28:46 --> Call to undefined method CodeIgniter\Router\RouteCollection::gestation_dashboardt()
in APPPATH/Config/Routes.php on line 40.
 1 SYSTEMPATH/CodeIgniter.php(789): require()
 2 SYSTEMPATH/CodeIgniter.php(430): CodeIgniter\CodeIgniter->tryToRouteIt(Object(CodeIgniter\Router\RouteCollection))
 3 SYSTEMPATH/CodeIgniter.php(351): CodeIgniter\CodeIgniter->handleRequest(null, Object(Config\Cache), false)
 4 FCPATH/index.php(67): CodeIgniter\CodeIgniter->run()
CRITICAL - 2022-12-26 01:29:40 --> Call to undefined method CodeIgniter\Router\RouteCollection::getstation_dashboard()
in APPPATH/Config/Routes.php on line 40.
 1 SYSTEMPATH/CodeIgniter.php(789): require()
 2 SYSTEMPATH/CodeIgniter.php(430): CodeIgniter\CodeIgniter->tryToRouteIt(Object(CodeIgniter\Router\RouteCollection))
 3 SYSTEMPATH/CodeIgniter.php(351): CodeIgniter\CodeIgniter->handleRequest(null, Object(Config\Cache), false)
 4 FCPATH/index.php(67): CodeIgniter\CodeIgniter->run()
CRITICAL - 2022-12-26 01:29:41 --> Call to undefined method CodeIgniter\Router\RouteCollection::getstation_dashboard()
in APPPATH/Config/Routes.php on line 40.
 1 SYSTEMPATH/CodeIgniter.php(789): require()
 2 SYSTEMPATH/CodeIgniter.php(430): CodeIgniter\CodeIgniter->tryToRouteIt(Object(CodeIgniter\Router\RouteCollection))
 3 SYSTEMPATH/CodeIgniter.php(351): CodeIgniter\CodeIgniter->handleRequest(null, Object(Config\Cache), false)
 4 FCPATH/index.php(67): CodeIgniter\CodeIgniter->run()
CRITICAL - 2022-12-26 01:29:44 --> Call to undefined method CodeIgniter\Router\RouteCollection::getstation_dashboard()
in APPPATH/Config/Routes.php on line 40.
 1 SYSTEMPATH/CodeIgniter.php(789): require()
 2 SYSTEMPATH/CodeIgniter.php(430): CodeIgniter\CodeIgniter->tryToRouteIt(Object(CodeIgniter\Router\RouteCollection))
 3 SYSTEMPATH/CodeIgniter.php(351): CodeIgniter\CodeIgniter->handleRequest(null, Object(Config\Cache), false)
 4 FCPATH/index.php(67): CodeIgniter\CodeIgniter->run()
