CRITICAL - 2022-12-13 18:30:49 --> Undefined variable $page_name
in APPPATH/Views/layouts/site_layout.php on line 178.
 1 APPPATH/Views/layouts/site_layout.php(178): CodeIgniter\Debug\Exceptions->errorHandler(2, 'Undefined variable $page_name', 'APPPATH/Views/layouts/site_layout.php', 178)
 2 SYSTEMPATH/View/View.php(213): include('APPPATH/Views/layouts/site_layout.php')
 3 SYSTEMPATH/View/View.php(216): CodeIgniter\View\View->CodeIgniter\View\{closure}()
 4 SYSTEMPATH/View/View.php(229): CodeIgniter\View\View->render('layouts/site_layout', [], true)
 5 SYSTEMPATH/Common.php(1134): CodeIgniter\View\View->render('customer/login.php', [], true)
 6 APPPATH/Controllers/CustomerController.php(756): view('customer/login.php')
 7 SYSTEMPATH/CodeIgniter.php(927): App\Controllers\CustomerController->vehicles_information()
 8 SYSTEMPATH/CodeIgniter.php(482): CodeIgniter\CodeIgniter->runController(Object(App\Controllers\CustomerController))
 9 SYSTEMPATH/CodeIgniter.php(351): CodeIgniter\CodeIgniter->handleRequest(null, Object(Config\Cache), false)
10 FCPATH/index.php(67): CodeIgniter\CodeIgniter->run()
CRITICAL - 2022-12-13 18:31:26 --> Undefined variable $page_name
in APPPATH/Views/layouts/site_layout.php on line 178.
 1 APPPATH/Views/layouts/site_layout.php(178): CodeIgniter\Debug\Exceptions->errorHandler(2, 'Undefined variable $page_name', 'APPPATH/Views/layouts/site_layout.php', 178)
 2 SYSTEMPATH/View/View.php(213): include('APPPATH/Views/layouts/site_layout.php')
 3 SYSTEMPATH/View/View.php(216): CodeIgniter\View\View->CodeIgniter\View\{closure}()
 4 SYSTEMPATH/View/View.php(229): CodeIgniter\View\View->render('layouts/site_layout', [], true)
 5 SYSTEMPATH/Common.php(1134): CodeIgniter\View\View->render('customer/login.php', [], true)
 6 APPPATH/Controllers/CustomerController.php(756): view('customer/login.php')
 7 SYSTEMPATH/CodeIgniter.php(927): App\Controllers\CustomerController->vehicles_information()
 8 SYSTEMPATH/CodeIgniter.php(482): CodeIgniter\CodeIgniter->runController(Object(App\Controllers\CustomerController))
 9 SYSTEMPATH/CodeIgniter.php(351): CodeIgniter\CodeIgniter->handleRequest(null, Object(Config\Cache), false)
10 FCPATH/index.php(67): CodeIgniter\CodeIgniter->run()
CRITICAL - 2022-12-13 18:31:30 --> Undefined variable $page_name
in APPPATH/Views/layouts/site_layout.php on line 178.
 1 APPPATH/Views/layouts/site_layout.php(178): CodeIgniter\Debug\Exceptions->errorHandler(2, 'Undefined variable $page_name', 'APPPATH/Views/layouts/site_layout.php', 178)
 2 SYSTEMPATH/View/View.php(213): include('APPPATH/Views/layouts/site_layout.php')
 3 SYSTEMPATH/View/View.php(216): CodeIgniter\View\View->CodeIgniter\View\{closure}()
 4 SYSTEMPATH/View/View.php(229): CodeIgniter\View\View->render('layouts/site_layout', [], true)
 5 SYSTEMPATH/Common.php(1134): CodeIgniter\View\View->render('customer/login.php', [], true)
 6 APPPATH/Controllers/CustomerController.php(756): view('customer/login.php')
 7 SYSTEMPATH/CodeIgniter.php(927): App\Controllers\CustomerController->vehicles_information()
 8 SYSTEMPATH/CodeIgniter.php(482): CodeIgniter\CodeIgniter->runController(Object(App\Controllers\CustomerController))
 9 SYSTEMPATH/CodeIgniter.php(351): CodeIgniter\CodeIgniter->handleRequest(null, Object(Config\Cache), false)
10 FCPATH/index.php(67): CodeIgniter\CodeIgniter->run()
CRITICAL - 2022-12-13 18:33:00 --> Undefined variable $page_name
in APPPATH/Views/layouts/site_layout.php on line 178.
 1 APPPATH/Views/layouts/site_layout.php(178): CodeIgniter\Debug\Exceptions->errorHandler(2, 'Undefined variable $page_name', 'APPPATH/Views/layouts/site_layout.php', 178)
 2 SYSTEMPATH/View/View.php(213): include('APPPATH/Views/layouts/site_layout.php')
 3 SYSTEMPATH/View/View.php(216): CodeIgniter\View\View->CodeIgniter\View\{closure}()
 4 SYSTEMPATH/View/View.php(229): CodeIgniter\View\View->render('layouts/site_layout', [], true)
 5 SYSTEMPATH/Common.php(1134): CodeIgniter\View\View->render('customer/login.php', [], true)
 6 APPPATH/Controllers/CustomerController.php(742): view('customer/login.php')
 7 SYSTEMPATH/CodeIgniter.php(927): App\Controllers\CustomerController->vehicles_information()
 8 SYSTEMPATH/CodeIgniter.php(482): CodeIgniter\CodeIgniter->runController(Object(App\Controllers\CustomerController))
 9 SYSTEMPATH/CodeIgniter.php(351): CodeIgniter\CodeIgniter->handleRequest(null, Object(Config\Cache), false)
10 FCPATH/index.php(67): CodeIgniter\CodeIgniter->run()
CRITICAL - 2022-12-13 18:33:01 --> Undefined variable $page_name
in APPPATH/Views/layouts/site_layout.php on line 178.
 1 APPPATH/Views/layouts/site_layout.php(178): CodeIgniter\Debug\Exceptions->errorHandler(2, 'Undefined variable $page_name', 'APPPATH/Views/layouts/site_layout.php', 178)
 2 SYSTEMPATH/View/View.php(213): include('APPPATH/Views/layouts/site_layout.php')
 3 SYSTEMPATH/View/View.php(216): CodeIgniter\View\View->CodeIgniter\View\{closure}()
 4 SYSTEMPATH/View/View.php(229): CodeIgniter\View\View->render('layouts/site_layout', [], true)
 5 SYSTEMPATH/Common.php(1134): CodeIgniter\View\View->render('customer/login.php', [], true)
 6 APPPATH/Controllers/CustomerController.php(742): view('customer/login.php')
 7 SYSTEMPATH/CodeIgniter.php(927): App\Controllers\CustomerController->vehicles_information()
 8 SYSTEMPATH/CodeIgniter.php(482): CodeIgniter\CodeIgniter->runController(Object(App\Controllers\CustomerController))
 9 SYSTEMPATH/CodeIgniter.php(351): CodeIgniter\CodeIgniter->handleRequest(null, Object(Config\Cache), false)
10 FCPATH/index.php(67): CodeIgniter\CodeIgniter->run()
CRITICAL - 2022-12-13 18:33:02 --> Undefined variable $page_name
in APPPATH/Views/layouts/site_layout.php on line 178.
 1 APPPATH/Views/layouts/site_layout.php(178): CodeIgniter\Debug\Exceptions->errorHandler(2, 'Undefined variable $page_name', 'APPPATH/Views/layouts/site_layout.php', 178)
 2 SYSTEMPATH/View/View.php(213): include('APPPATH/Views/layouts/site_layout.php')
 3 SYSTEMPATH/View/View.php(216): CodeIgniter\View\View->CodeIgniter\View\{closure}()
 4 SYSTEMPATH/View/View.php(229): CodeIgniter\View\View->render('layouts/site_layout', [], true)
 5 SYSTEMPATH/Common.php(1134): CodeIgniter\View\View->render('customer/login.php', [], true)
 6 APPPATH/Controllers/CustomerController.php(742): view('customer/login.php')
 7 SYSTEMPATH/CodeIgniter.php(927): App\Controllers\CustomerController->vehicles_information()
 8 SYSTEMPATH/CodeIgniter.php(482): CodeIgniter\CodeIgniter->runController(Object(App\Controllers\CustomerController))
 9 SYSTEMPATH/CodeIgniter.php(351): CodeIgniter\CodeIgniter->handleRequest(null, Object(Config\Cache), false)
10 FCPATH/index.php(67): CodeIgniter\CodeIgniter->run()
CRITICAL - 2022-12-13 18:33:02 --> Undefined variable $page_name
in APPPATH/Views/layouts/site_layout.php on line 178.
 1 APPPATH/Views/layouts/site_layout.php(178): CodeIgniter\Debug\Exceptions->errorHandler(2, 'Undefined variable $page_name', 'APPPATH/Views/layouts/site_layout.php', 178)
 2 SYSTEMPATH/View/View.php(213): include('APPPATH/Views/layouts/site_layout.php')
 3 SYSTEMPATH/View/View.php(216): CodeIgniter\View\View->CodeIgniter\View\{closure}()
 4 SYSTEMPATH/View/View.php(229): CodeIgniter\View\View->render('layouts/site_layout', [], true)
 5 SYSTEMPATH/Common.php(1134): CodeIgniter\View\View->render('customer/login.php', [], true)
 6 APPPATH/Controllers/CustomerController.php(742): view('customer/login.php')
 7 SYSTEMPATH/CodeIgniter.php(927): App\Controllers\CustomerController->vehicles_information()
 8 SYSTEMPATH/CodeIgniter.php(482): CodeIgniter\CodeIgniter->runController(Object(App\Controllers\CustomerController))
 9 SYSTEMPATH/CodeIgniter.php(351): CodeIgniter\CodeIgniter->handleRequest(null, Object(Config\Cache), false)
10 FCPATH/index.php(67): CodeIgniter\CodeIgniter->run()
CRITICAL - 2022-12-13 23:59:38 --> Undefined variable $page_name
in APPPATH/Views/layouts/site_layout.php on line 178.
 1 APPPATH/Views/layouts/site_layout.php(178): CodeIgniter\Debug\Exceptions->errorHandler(2, 'Undefined variable $page_name', 'APPPATH/Views/layouts/site_layout.php', 178)
 2 SYSTEMPATH/View/View.php(213): include('APPPATH/Views/layouts/site_layout.php')
 3 SYSTEMPATH/View/View.php(216): CodeIgniter\View\View->CodeIgniter\View\{closure}()
 4 SYSTEMPATH/View/View.php(229): CodeIgniter\View\View->render('layouts/site_layout', [], true)
 5 SYSTEMPATH/Common.php(1134): CodeIgniter\View\View->render('customer/login.php', [], true)
 6 APPPATH/Controllers/CustomerController.php(726): view('customer/login.php')
 7 SYSTEMPATH/CodeIgniter.php(927): App\Controllers\CustomerController->edit_vehicle()
 8 SYSTEMPATH/CodeIgniter.php(482): CodeIgniter\CodeIgniter->runController(Object(App\Controllers\CustomerController))
 9 SYSTEMPATH/CodeIgniter.php(351): CodeIgniter\CodeIgniter->handleRequest(null, Object(Config\Cache), false)
10 FCPATH/index.php(67): CodeIgniter\CodeIgniter->run()
CRITICAL - 2022-12-13 23:59:39 --> Undefined variable $page_name
in APPPATH/Views/layouts/site_layout.php on line 178.
 1 APPPATH/Views/layouts/site_layout.php(178): CodeIgniter\Debug\Exceptions->errorHandler(2, 'Undefined variable $page_name', 'APPPATH/Views/layouts/site_layout.php', 178)
 2 SYSTEMPATH/View/View.php(213): include('APPPATH/Views/layouts/site_layout.php')
 3 SYSTEMPATH/View/View.php(216): CodeIgniter\View\View->CodeIgniter\View\{closure}()
 4 SYSTEMPATH/View/View.php(229): CodeIgniter\View\View->render('layouts/site_layout', [], true)
 5 SYSTEMPATH/Common.php(1134): CodeIgniter\View\View->render('customer/login.php', [], true)
 6 APPPATH/Controllers/CustomerController.php(726): view('customer/login.php')
 7 SYSTEMPATH/CodeIgniter.php(927): App\Controllers\CustomerController->edit_vehicle()
 8 SYSTEMPATH/CodeIgniter.php(482): CodeIgniter\CodeIgniter->runController(Object(App\Controllers\CustomerController))
 9 SYSTEMPATH/CodeIgniter.php(351): CodeIgniter\CodeIgniter->handleRequest(null, Object(Config\Cache), false)
10 FCPATH/index.php(67): CodeIgniter\CodeIgniter->run()
CRITICAL - 2022-12-13 23:59:44 --> Undefined variable $page_name
in APPPATH/Views/layouts/site_layout.php on line 178.
 1 APPPATH/Views/layouts/site_layout.php(178): CodeIgniter\Debug\Exceptions->errorHandler(2, 'Undefined variable $page_name', 'APPPATH/Views/layouts/site_layout.php', 178)
 2 SYSTEMPATH/View/View.php(213): include('APPPATH/Views/layouts/site_layout.php')
 3 SYSTEMPATH/View/View.php(216): CodeIgniter\View\View->CodeIgniter\View\{closure}()
 4 SYSTEMPATH/View/View.php(229): CodeIgniter\View\View->render('layouts/site_layout', [], true)
 5 SYSTEMPATH/Common.php(1134): CodeIgniter\View\View->render('customer/login.php', [], true)
 6 APPPATH/Controllers/CustomerController.php(742): view('customer/login.php')
 7 SYSTEMPATH/CodeIgniter.php(927): App\Controllers\CustomerController->vehicles_information()
 8 SYSTEMPATH/CodeIgniter.php(482): CodeIgniter\CodeIgniter->runController(Object(App\Controllers\CustomerController))
 9 SYSTEMPATH/CodeIgniter.php(351): CodeIgniter\CodeIgniter->handleRequest(null, Object(Config\Cache), false)
10 FCPATH/index.php(67): CodeIgniter\CodeIgniter->run()
CRITICAL - 2022-12-13 23:59:47 --> Trying to access array offset on value of type null
in APPPATH/Controllers/CustomerController.php on line 181.
 1 APPPATH/Controllers/CustomerController.php(181): CodeIgniter\Debug\Exceptions->errorHandler(2, 'Trying to access array offset on value of type null', 'APPPATH/Controllers/CustomerController.php', 181)
 2 SYSTEMPATH/CodeIgniter.php(927): App\Controllers\CustomerController->customer_appointments()
 3 SYSTEMPATH/CodeIgniter.php(482): CodeIgniter\CodeIgniter->runController(Object(App\Controllers\CustomerController))
 4 SYSTEMPATH/CodeIgniter.php(351): CodeIgniter\CodeIgniter->handleRequest(null, Object(Config\Cache), false)
 5 FCPATH/index.php(67): CodeIgniter\CodeIgniter->run()
