CRITICAL - 2022-11-18 00:11:30 --> syntax error, unexpected single-quoted string "page_name", expecting "]"
in APPPATH\Controllers\StationController.php on line 522.
 1 SYSTEMPATH\Autoloader\Autoloader.php(259): CodeIgniter\Autoloader\Autoloader->includeFile('APPPATH\\Controllers\\StationController.php')
 2 SYSTEMPATH\Autoloader\Autoloader.php(237): CodeIgniter\Autoloader\Autoloader->loadInNamespace('App\\Controllers\\StationController')
 3 [internal function]: CodeIgniter\Autoloader\Autoloader->loadClass('App\\Controllers\\StationController')
 4 SYSTEMPATH\CodeIgniter.php(877): class_exists('\\App\\Controllers\\StationController', true)
 5 SYSTEMPATH\CodeIgniter.php(469): CodeIgniter\CodeIgniter->startController()
 6 SYSTEMPATH\CodeIgniter.php(351): CodeIgniter\CodeIgniter->handleRequest(null, Object(Config\Cache), false)
 7 FCPATH\index.php(67): CodeIgniter\CodeIgniter->run()
CRITICAL - 2022-11-18 00:11:56 --> syntax error, unexpected single-quoted string "page_name", expecting "]"
in APPPATH\Controllers\StationController.php on line 522.
 1 SYSTEMPATH\Autoloader\Autoloader.php(259): CodeIgniter\Autoloader\Autoloader->includeFile('APPPATH\\Controllers\\StationController.php')
 2 SYSTEMPATH\Autoloader\Autoloader.php(237): CodeIgniter\Autoloader\Autoloader->loadInNamespace('App\\Controllers\\StationController')
 3 [internal function]: CodeIgniter\Autoloader\Autoloader->loadClass('App\\Controllers\\StationController')
 4 SYSTEMPATH\CodeIgniter.php(877): class_exists('\\App\\Controllers\\StationController', true)
 5 SYSTEMPATH\CodeIgniter.php(469): CodeIgniter\CodeIgniter->startController()
 6 SYSTEMPATH\CodeIgniter.php(351): CodeIgniter\CodeIgniter->handleRequest(null, Object(Config\Cache), false)
 7 FCPATH\index.php(67): CodeIgniter\CodeIgniter->run()
CRITICAL - 2022-11-18 00:13:37 --> syntax error, unexpected single-quoted string "page_name", expecting "]"
in APPPATH\Controllers\StationController.php on line 522.
 1 SYSTEMPATH\Autoloader\Autoloader.php(259): CodeIgniter\Autoloader\Autoloader->includeFile('APPPATH\\Controllers\\StationController.php')
 2 SYSTEMPATH\Autoloader\Autoloader.php(237): CodeIgniter\Autoloader\Autoloader->loadInNamespace('App\\Controllers\\StationController')
 3 [internal function]: CodeIgniter\Autoloader\Autoloader->loadClass('App\\Controllers\\StationController')
 4 SYSTEMPATH\CodeIgniter.php(877): class_exists('\\App\\Controllers\\StationController', true)
 5 SYSTEMPATH\CodeIgniter.php(469): CodeIgniter\CodeIgniter->startController()
 6 SYSTEMPATH\CodeIgniter.php(351): CodeIgniter\CodeIgniter->handleRequest(null, Object(Config\Cache), false)
 7 FCPATH\index.php(67): CodeIgniter\CodeIgniter->run()
CRITICAL - 2022-11-18 00:13:43 --> syntax error, unexpected single-quoted string "page_name", expecting "]"
in APPPATH\Controllers\StationController.php on line 522.
 1 SYSTEMPATH\Autoloader\Autoloader.php(259): CodeIgniter\Autoloader\Autoloader->includeFile('APPPATH\\Controllers\\StationController.php')
 2 SYSTEMPATH\Autoloader\Autoloader.php(237): CodeIgniter\Autoloader\Autoloader->loadInNamespace('App\\Controllers\\StationController')
 3 [internal function]: CodeIgniter\Autoloader\Autoloader->loadClass('App\\Controllers\\StationController')
 4 SYSTEMPATH\CodeIgniter.php(877): class_exists('\\App\\Controllers\\StationController', true)
 5 SYSTEMPATH\CodeIgniter.php(469): CodeIgniter\CodeIgniter->startController()
 6 SYSTEMPATH\CodeIgniter.php(351): CodeIgniter\CodeIgniter->handleRequest(null, Object(Config\Cache), false)
 7 FCPATH\index.php(67): CodeIgniter\CodeIgniter->run()
CRITICAL - 2022-11-18 00:14:06 --> syntax error, unexpected single-quoted string "page_name", expecting "]"
in APPPATH\Controllers\StationController.php on line 522.
 1 SYSTEMPATH\Autoloader\Autoloader.php(259): CodeIgniter\Autoloader\Autoloader->includeFile('APPPATH\\Controllers\\StationController.php')
 2 SYSTEMPATH\Autoloader\Autoloader.php(237): CodeIgniter\Autoloader\Autoloader->loadInNamespace('App\\Controllers\\StationController')
 3 [internal function]: CodeIgniter\Autoloader\Autoloader->loadClass('App\\Controllers\\StationController')
 4 SYSTEMPATH\CodeIgniter.php(877): class_exists('\\App\\Controllers\\StationController', true)
 5 SYSTEMPATH\CodeIgniter.php(469): CodeIgniter\CodeIgniter->startController()
 6 SYSTEMPATH\CodeIgniter.php(351): CodeIgniter\CodeIgniter->handleRequest(null, Object(Config\Cache), false)
 7 FCPATH\index.php(67): CodeIgniter\CodeIgniter->run()
CRITICAL - 2022-11-18 00:29:24 --> syntax error, unexpected token "}", expecting "," or ";"
in APPPATH\Views\service_station\service_station_details.php on line 168.
 1 SYSTEMPATH\View\View.php(216): CodeIgniter\View\View->CodeIgniter\View\{closure}()
 2 SYSTEMPATH\Common.php(1134): CodeIgniter\View\View->render('service_station/service_station_details', [], true)
 3 APPPATH\Controllers\StationController.php(522): view('service_station/service_station_details', [...])
 4 SYSTEMPATH\CodeIgniter.php(927): App\Controllers\StationController->service_station_details()
 5 SYSTEMPATH\CodeIgniter.php(482): CodeIgniter\CodeIgniter->runController(Object(App\Controllers\StationController))
 6 SYSTEMPATH\CodeIgniter.php(351): CodeIgniter\CodeIgniter->handleRequest(null, Object(Config\Cache), false)
 7 FCPATH\index.php(67): CodeIgniter\CodeIgniter->run()
CRITICAL - 2022-11-18 00:29:44 --> syntax error, unexpected token "}", expecting "," or ";"
in APPPATH\Views\service_station\service_station_details.php on line 168.
 1 SYSTEMPATH\View\View.php(216): CodeIgniter\View\View->CodeIgniter\View\{closure}()
 2 SYSTEMPATH\Common.php(1134): CodeIgniter\View\View->render('service_station/service_station_details', [], true)
 3 APPPATH\Controllers\StationController.php(522): view('service_station/service_station_details', [...])
 4 SYSTEMPATH\CodeIgniter.php(927): App\Controllers\StationController->service_station_details()
 5 SYSTEMPATH\CodeIgniter.php(482): CodeIgniter\CodeIgniter->runController(Object(App\Controllers\StationController))
 6 SYSTEMPATH\CodeIgniter.php(351): CodeIgniter\CodeIgniter->handleRequest(null, Object(Config\Cache), false)
 7 FCPATH\index.php(67): CodeIgniter\CodeIgniter->run()
CRITICAL - 2022-11-18 00:29:45 --> syntax error, unexpected token "}", expecting "," or ";"
in APPPATH\Views\service_station\service_station_details.php on line 168.
 1 SYSTEMPATH\View\View.php(216): CodeIgniter\View\View->CodeIgniter\View\{closure}()
 2 SYSTEMPATH\Common.php(1134): CodeIgniter\View\View->render('service_station/service_station_details', [], true)
 3 APPPATH\Controllers\StationController.php(522): view('service_station/service_station_details', [...])
 4 SYSTEMPATH\CodeIgniter.php(927): App\Controllers\StationController->service_station_details()
 5 SYSTEMPATH\CodeIgniter.php(482): CodeIgniter\CodeIgniter->runController(Object(App\Controllers\StationController))
 6 SYSTEMPATH\CodeIgniter.php(351): CodeIgniter\CodeIgniter->handleRequest(null, Object(Config\Cache), false)
 7 FCPATH\index.php(67): CodeIgniter\CodeIgniter->run()
CRITICAL - 2022-11-18 00:30:03 --> syntax error, unexpected token "}", expecting "," or ";"
in APPPATH\Views\service_station\service_station_details.php on line 168.
 1 SYSTEMPATH\View\View.php(216): CodeIgniter\View\View->CodeIgniter\View\{closure}()
 2 SYSTEMPATH\Common.php(1134): CodeIgniter\View\View->render('service_station/service_station_details', [], true)
 3 APPPATH\Controllers\StationController.php(522): view('service_station/service_station_details', [...])
 4 SYSTEMPATH\CodeIgniter.php(927): App\Controllers\StationController->service_station_details()
 5 SYSTEMPATH\CodeIgniter.php(482): CodeIgniter\CodeIgniter->runController(Object(App\Controllers\StationController))
 6 SYSTEMPATH\CodeIgniter.php(351): CodeIgniter\CodeIgniter->handleRequest(null, Object(Config\Cache), false)
 7 FCPATH\index.php(67): CodeIgniter\CodeIgniter->run()
CRITICAL - 2022-11-18 00:30:07 --> syntax error, unexpected token "}", expecting "," or ";"
in APPPATH\Views\service_station\service_station_details.php on line 168.
 1 SYSTEMPATH\View\View.php(216): CodeIgniter\View\View->CodeIgniter\View\{closure}()
 2 SYSTEMPATH\Common.php(1134): CodeIgniter\View\View->render('service_station/service_station_details', [], true)
 3 APPPATH\Controllers\StationController.php(522): view('service_station/service_station_details', [...])
 4 SYSTEMPATH\CodeIgniter.php(927): App\Controllers\StationController->service_station_details()
 5 SYSTEMPATH\CodeIgniter.php(482): CodeIgniter\CodeIgniter->runController(Object(App\Controllers\StationController))
 6 SYSTEMPATH\CodeIgniter.php(351): CodeIgniter\CodeIgniter->handleRequest(null, Object(Config\Cache), false)
 7 FCPATH\index.php(67): CodeIgniter\CodeIgniter->run()
CRITICAL - 2022-11-18 02:58:00 --> Trying to access array offset on value of type null
in APPPATH\Views\service_station\service_station_details.php on line 90.
 1 APPPATH\Views\service_station\service_station_details.php(90): CodeIgniter\Debug\Exceptions->errorHandler(2, 'Trying to access array offset on value of type null', 'APPPATH\\Views\\service_station\\service_station_details.php', 90)
 2 SYSTEMPATH\View\View.php(213): include('APPPATH\\Views\\service_station\\service_station_details.php')
 3 SYSTEMPATH\View\View.php(216): CodeIgniter\View\View->CodeIgniter\View\{closure}()
 4 SYSTEMPATH\Common.php(1134): CodeIgniter\View\View->render('service_station/service_station_details', [], true)
 5 APPPATH\Controllers\StationController.php(522): view('service_station/service_station_details', [...])
 6 SYSTEMPATH\CodeIgniter.php(927): App\Controllers\StationController->service_station_details()
 7 SYSTEMPATH\CodeIgniter.php(482): CodeIgniter\CodeIgniter->runController(Object(App\Controllers\StationController))
 8 SYSTEMPATH\CodeIgniter.php(351): CodeIgniter\CodeIgniter->handleRequest(null, Object(Config\Cache), false)
 9 FCPATH\index.php(67): CodeIgniter\CodeIgniter->run()
CRITICAL - 2022-11-18 02:58:05 --> Trying to access array offset on value of type null
in APPPATH\Views\service_station\service_station_details.php on line 90.
 1 APPPATH\Views\service_station\service_station_details.php(90): CodeIgniter\Debug\Exceptions->errorHandler(2, 'Trying to access array offset on value of type null', 'APPPATH\\Views\\service_station\\service_station_details.php', 90)
 2 SYSTEMPATH\View\View.php(213): include('APPPATH\\Views\\service_station\\service_station_details.php')
 3 SYSTEMPATH\View\View.php(216): CodeIgniter\View\View->CodeIgniter\View\{closure}()
 4 SYSTEMPATH\Common.php(1134): CodeIgniter\View\View->render('service_station/service_station_details', [], true)
 5 APPPATH\Controllers\StationController.php(522): view('service_station/service_station_details', [...])
 6 SYSTEMPATH\CodeIgniter.php(927): App\Controllers\StationController->service_station_details()
 7 SYSTEMPATH\CodeIgniter.php(482): CodeIgniter\CodeIgniter->runController(Object(App\Controllers\StationController))
 8 SYSTEMPATH\CodeIgniter.php(351): CodeIgniter\CodeIgniter->handleRequest(null, Object(Config\Cache), false)
 9 FCPATH\index.php(67): CodeIgniter\CodeIgniter->run()
CRITICAL - 2022-11-18 02:59:04 --> Trying to access array offset on value of type null
in APPPATH\Views\service_station\service_station_details.php on line 90.
 1 APPPATH\Views\service_station\service_station_details.php(90): CodeIgniter\Debug\Exceptions->errorHandler(2, 'Trying to access array offset on value of type null', 'APPPATH\\Views\\service_station\\service_station_details.php', 90)
 2 SYSTEMPATH\View\View.php(213): include('APPPATH\\Views\\service_station\\service_station_details.php')
 3 SYSTEMPATH\View\View.php(216): CodeIgniter\View\View->CodeIgniter\View\{closure}()
 4 SYSTEMPATH\Common.php(1134): CodeIgniter\View\View->render('service_station/service_station_details', [], true)
 5 APPPATH\Controllers\StationController.php(522): view('service_station/service_station_details', [...])
 6 SYSTEMPATH\CodeIgniter.php(927): App\Controllers\StationController->service_station_details()
 7 SYSTEMPATH\CodeIgniter.php(482): CodeIgniter\CodeIgniter->runController(Object(App\Controllers\StationController))
 8 SYSTEMPATH\CodeIgniter.php(351): CodeIgniter\CodeIgniter->handleRequest(null, Object(Config\Cache), false)
 9 FCPATH\index.php(67): CodeIgniter\CodeIgniter->run()
CRITICAL - 2022-11-18 02:59:05 --> Trying to access array offset on value of type null
in APPPATH\Views\service_station\service_station_details.php on line 90.
 1 APPPATH\Views\service_station\service_station_details.php(90): CodeIgniter\Debug\Exceptions->errorHandler(2, 'Trying to access array offset on value of type null', 'APPPATH\\Views\\service_station\\service_station_details.php', 90)
 2 SYSTEMPATH\View\View.php(213): include('APPPATH\\Views\\service_station\\service_station_details.php')
 3 SYSTEMPATH\View\View.php(216): CodeIgniter\View\View->CodeIgniter\View\{closure}()
 4 SYSTEMPATH\Common.php(1134): CodeIgniter\View\View->render('service_station/service_station_details', [], true)
 5 APPPATH\Controllers\StationController.php(522): view('service_station/service_station_details', [...])
 6 SYSTEMPATH\CodeIgniter.php(927): App\Controllers\StationController->service_station_details()
 7 SYSTEMPATH\CodeIgniter.php(482): CodeIgniter\CodeIgniter->runController(Object(App\Controllers\StationController))
 8 SYSTEMPATH\CodeIgniter.php(351): CodeIgniter\CodeIgniter->handleRequest(null, Object(Config\Cache), false)
 9 FCPATH\index.php(67): CodeIgniter\CodeIgniter->run()
CRITICAL - 2022-11-18 02:59:36 --> Trying to access array offset on value of type null
in APPPATH\Views\service_station\service_station_details.php on line 90.
 1 APPPATH\Views\service_station\service_station_details.php(90): CodeIgniter\Debug\Exceptions->errorHandler(2, 'Trying to access array offset on value of type null', 'APPPATH\\Views\\service_station\\service_station_details.php', 90)
 2 SYSTEMPATH\View\View.php(213): include('APPPATH\\Views\\service_station\\service_station_details.php')
 3 SYSTEMPATH\View\View.php(216): CodeIgniter\View\View->CodeIgniter\View\{closure}()
 4 SYSTEMPATH\Common.php(1134): CodeIgniter\View\View->render('service_station/service_station_details', [], true)
 5 APPPATH\Controllers\StationController.php(522): view('service_station/service_station_details', [...])
 6 SYSTEMPATH\CodeIgniter.php(927): App\Controllers\StationController->service_station_details()
 7 SYSTEMPATH\CodeIgniter.php(482): CodeIgniter\CodeIgniter->runController(Object(App\Controllers\StationController))
 8 SYSTEMPATH\CodeIgniter.php(351): CodeIgniter\CodeIgniter->handleRequest(null, Object(Config\Cache), false)
 9 FCPATH\index.php(67): CodeIgniter\CodeIgniter->run()
CRITICAL - 2022-11-18 03:02:41 --> Undefined array key "station_id"
in APPPATH\Views\service_station\service_station_details.php on line 90.
 1 APPPATH\Views\service_station\service_station_details.php(90): CodeIgniter\Debug\Exceptions->errorHandler(2, 'Undefined array key "station_id"', 'APPPATH\\Views\\service_station\\service_station_details.php', 90)
 2 SYSTEMPATH\View\View.php(213): include('APPPATH\\Views\\service_station\\service_station_details.php')
 3 SYSTEMPATH\View\View.php(216): CodeIgniter\View\View->CodeIgniter\View\{closure}()
 4 SYSTEMPATH\Common.php(1134): CodeIgniter\View\View->render('service_station/service_station_details', [], true)
 5 APPPATH\Controllers\StationController.php(522): view('service_station/service_station_details', [...])
 6 SYSTEMPATH\CodeIgniter.php(927): App\Controllers\StationController->service_station_details()
 7 SYSTEMPATH\CodeIgniter.php(482): CodeIgniter\CodeIgniter->runController(Object(App\Controllers\StationController))
 8 SYSTEMPATH\CodeIgniter.php(351): CodeIgniter\CodeIgniter->handleRequest(null, Object(Config\Cache), false)
 9 FCPATH\index.php(67): CodeIgniter\CodeIgniter->run()
CRITICAL - 2022-11-18 03:04:34 --> Undefined property: CodeIgniter\View\View::$request
in APPPATH\Views\service_station\service_station_details.php on line 88.
 1 APPPATH\Views\service_station\service_station_details.php(88): CodeIgniter\Debug\Exceptions->errorHandler(2, 'Undefined property: CodeIgniter\\View\\View::$request', 'APPPATH\\Views\\service_station\\service_station_details.php', 88)
 2 SYSTEMPATH\View\View.php(213): include('APPPATH\\Views\\service_station\\service_station_details.php')
 3 SYSTEMPATH\View\View.php(216): CodeIgniter\View\View->CodeIgniter\View\{closure}()
 4 SYSTEMPATH\Common.php(1134): CodeIgniter\View\View->render('service_station/service_station_details', [], true)
 5 APPPATH\Controllers\StationController.php(522): view('service_station/service_station_details', [...])
 6 SYSTEMPATH\CodeIgniter.php(927): App\Controllers\StationController->service_station_details()
 7 SYSTEMPATH\CodeIgniter.php(482): CodeIgniter\CodeIgniter->runController(Object(App\Controllers\StationController))
 8 SYSTEMPATH\CodeIgniter.php(351): CodeIgniter\CodeIgniter->handleRequest(null, Object(Config\Cache), false)
 9 FCPATH\index.php(67): CodeIgniter\CodeIgniter->run()
CRITICAL - 2022-11-18 03:06:14 --> Trying to access array offset on value of type null
in APPPATH\Views\components\service_station_nav.php on line 11.
 1 APPPATH\Views\components\service_station_nav.php(11): CodeIgniter\Debug\Exceptions->errorHandler(2, 'Trying to access array offset on value of type null', 'APPPATH\\Views\\components\\service_station_nav.php', 11)
 2 SYSTEMPATH\View\View.php(213): include('APPPATH\\Views\\components\\service_station_nav.php')
 3 SYSTEMPATH\View\View.php(216): CodeIgniter\View\View->CodeIgniter\View\{closure}()
 4 SYSTEMPATH\Common.php(1134): CodeIgniter\View\View->render('App\\Views\\components\\service_station_nav', [], true)
 5 APPPATH\Views\layouts\service_station_layout.php(125): view('App\\Views\\components\\service_station_nav')
 6 SYSTEMPATH\View\View.php(213): include('APPPATH\\Views\\layouts\\service_station_layout.php')
 7 SYSTEMPATH\View\View.php(216): CodeIgniter\View\View->CodeIgniter\View\{closure}()
 8 SYSTEMPATH\View\View.php(229): CodeIgniter\View\View->render('layouts/service_station_layout', [], true)
 9 SYSTEMPATH\Common.php(1134): CodeIgniter\View\View->render('service_station/service_station_details', [], true)
10 APPPATH\Controllers\StationController.php(522): view('service_station/service_station_details', [...])
11 SYSTEMPATH\CodeIgniter.php(927): App\Controllers\StationController->service_station_details()
12 SYSTEMPATH\CodeIgniter.php(482): CodeIgniter\CodeIgniter->runController(Object(App\Controllers\StationController))
13 SYSTEMPATH\CodeIgniter.php(351): CodeIgniter\CodeIgniter->handleRequest(null, Object(Config\Cache), false)
14 FCPATH\index.php(67): CodeIgniter\CodeIgniter->run()
CRITICAL - 2022-11-18 03:51:55 --> Trying to access array offset on value of type null
in APPPATH\Views\components\admin_nav.php on line 69.
 1 APPPATH\Views\components\admin_nav.php(69): CodeIgniter\Debug\Exceptions->errorHandler(2, 'Trying to access array offset on value of type null', 'APPPATH\\Views\\components\\admin_nav.php', 69)
 2 SYSTEMPATH\View\View.php(213): include('APPPATH\\Views\\components\\admin_nav.php')
 3 SYSTEMPATH\View\View.php(216): CodeIgniter\View\View->CodeIgniter\View\{closure}()
 4 SYSTEMPATH\Common.php(1134): CodeIgniter\View\View->render('App\\Views\\components\\admin_nav', [], true)
 5 APPPATH\Views\layouts\admin_layout2.php(46): view('App\\Views\\components\\admin_nav')
 6 SYSTEMPATH\View\View.php(213): include('APPPATH\\Views\\layouts\\admin_layout2.php')
 7 SYSTEMPATH\View\View.php(216): CodeIgniter\View\View->CodeIgniter\View\{closure}()
 8 SYSTEMPATH\View\View.php(229): CodeIgniter\View\View->render('layouts/admin_layout2', [], true)
 9 SYSTEMPATH\Common.php(1134): CodeIgniter\View\View->render('services/services', [], true)
10 APPPATH\Controllers\ServiceController.php(176): view('services/services', [...])
11 SYSTEMPATH\CodeIgniter.php(927): App\Controllers\serviceController->services()
12 SYSTEMPATH\CodeIgniter.php(482): CodeIgniter\CodeIgniter->runController(Object(App\Controllers\serviceController))
13 SYSTEMPATH\CodeIgniter.php(351): CodeIgniter\CodeIgniter->handleRequest(null, Object(Config\Cache), false)
14 FCPATH\index.php(67): CodeIgniter\CodeIgniter->run()
CRITICAL - 2022-11-18 03:52:31 --> Invalid file: layouts/site_layoyt.php
in SYSTEMPATH\Exceptions\FrameworkException.php on line 33.
 1 SYSTEMPATH\View\View.php(201): CodeIgniter\Exceptions\FrameworkException::forInvalidFile('layouts/site_layoyt.php')
 2 SYSTEMPATH\View\View.php(229): CodeIgniter\View\View->render('layouts/site_layoyt', [], true)
 3 SYSTEMPATH\Common.php(1134): CodeIgniter\View\View->render('services/services', [], true)
 4 APPPATH\Controllers\ServiceController.php(176): view('services/services', [...])
 5 SYSTEMPATH\CodeIgniter.php(927): App\Controllers\serviceController->services()
 6 SYSTEMPATH\CodeIgniter.php(482): CodeIgniter\CodeIgniter->runController(Object(App\Controllers\serviceController))
 7 SYSTEMPATH\CodeIgniter.php(351): CodeIgniter\CodeIgniter->handleRequest(null, Object(Config\Cache), false)
 8 FCPATH\index.php(67): CodeIgniter\CodeIgniter->run()
CRITICAL - 2022-11-18 03:54:16 --> Undefined variable $allcategory
in APPPATH\Views\services\services.php on line 48.
 1 APPPATH\Views\services\services.php(48): CodeIgniter\Debug\Exceptions->errorHandler(2, 'Undefined variable $allcategory', 'APPPATH\\Views\\services\\services.php', 48)
 2 SYSTEMPATH\View\View.php(213): include('APPPATH\\Views\\services\\services.php')
 3 SYSTEMPATH\View\View.php(216): CodeIgniter\View\View->CodeIgniter\View\{closure}()
 4 SYSTEMPATH\Common.php(1134): CodeIgniter\View\View->render('services/services', [], true)
 5 APPPATH\Controllers\ServiceController.php(176): view('services/services', [...])
 6 SYSTEMPATH\CodeIgniter.php(927): App\Controllers\serviceController->services()
 7 SYSTEMPATH\CodeIgniter.php(482): CodeIgniter\CodeIgniter->runController(Object(App\Controllers\serviceController))
 8 SYSTEMPATH\CodeIgniter.php(351): CodeIgniter\CodeIgniter->handleRequest(null, Object(Config\Cache), false)
 9 FCPATH\index.php(67): CodeIgniter\CodeIgniter->run()
CRITICAL - 2022-11-18 03:54:39 --> Undefined array key 4
in APPPATH\Views\services\services.php on line 59.
 1 APPPATH\Views\services\services.php(59): CodeIgniter\Debug\Exceptions->errorHandler(2, 'Undefined array key 4', 'APPPATH\\Views\\services\\services.php', 59)
 2 SYSTEMPATH\View\View.php(213): include('APPPATH\\Views\\services\\services.php')
 3 SYSTEMPATH\View\View.php(216): CodeIgniter\View\View->CodeIgniter\View\{closure}()
 4 SYSTEMPATH\Common.php(1134): CodeIgniter\View\View->render('services/services', [], true)
 5 APPPATH\Controllers\ServiceController.php(176): view('services/services', [...])
 6 SYSTEMPATH\CodeIgniter.php(927): App\Controllers\serviceController->services()
 7 SYSTEMPATH\CodeIgniter.php(482): CodeIgniter\CodeIgniter->runController(Object(App\Controllers\serviceController))
 8 SYSTEMPATH\CodeIgniter.php(351): CodeIgniter\CodeIgniter->handleRequest(null, Object(Config\Cache), false)
 9 FCPATH\index.php(67): CodeIgniter\CodeIgniter->run()
CRITICAL - 2022-11-18 03:56:15 --> Undefined variable $result
in APPPATH\Views\services\services.php on line 81.
 1 APPPATH\Views\services\services.php(81): CodeIgniter\Debug\Exceptions->errorHandler(2, 'Undefined variable $result', 'APPPATH\\Views\\services\\services.php', 81)
 2 SYSTEMPATH\View\View.php(213): include('APPPATH\\Views\\services\\services.php')
 3 SYSTEMPATH\View\View.php(216): CodeIgniter\View\View->CodeIgniter\View\{closure}()
 4 SYSTEMPATH\Common.php(1134): CodeIgniter\View\View->render('services/services', [], true)
 5 APPPATH\Controllers\ServiceController.php(176): view('services/services', [...])
 6 SYSTEMPATH\CodeIgniter.php(927): App\Controllers\serviceController->services()
 7 SYSTEMPATH\CodeIgniter.php(482): CodeIgniter\CodeIgniter->runController(Object(App\Controllers\serviceController))
 8 SYSTEMPATH\CodeIgniter.php(351): CodeIgniter\CodeIgniter->handleRequest(null, Object(Config\Cache), false)
 9 FCPATH\index.php(67): CodeIgniter\CodeIgniter->run()
CRITICAL - 2022-11-18 03:56:58 --> Undefined variable $result
in APPPATH\Views\services\services.php on line 81.
 1 APPPATH\Views\services\services.php(81): CodeIgniter\Debug\Exceptions->errorHandler(2, 'Undefined variable $result', 'APPPATH\\Views\\services\\services.php', 81)
 2 SYSTEMPATH\View\View.php(213): include('APPPATH\\Views\\services\\services.php')
 3 SYSTEMPATH\View\View.php(216): CodeIgniter\View\View->CodeIgniter\View\{closure}()
 4 SYSTEMPATH\Common.php(1134): CodeIgniter\View\View->render('services/services', [], true)
 5 APPPATH\Controllers\ServiceController.php(176): view('services/services', [...])
 6 SYSTEMPATH\CodeIgniter.php(927): App\Controllers\serviceController->services()
 7 SYSTEMPATH\CodeIgniter.php(482): CodeIgniter\CodeIgniter->runController(Object(App\Controllers\serviceController))
 8 SYSTEMPATH\CodeIgniter.php(351): CodeIgniter\CodeIgniter->handleRequest(null, Object(Config\Cache), false)
 9 FCPATH\index.php(67): CodeIgniter\CodeIgniter->run()
CRITICAL - 2022-11-18 03:57:12 --> Undefined variable $result
in APPPATH\Views\services\services.php on line 81.
 1 APPPATH\Views\services\services.php(81): CodeIgniter\Debug\Exceptions->errorHandler(2, 'Undefined variable $result', 'APPPATH\\Views\\services\\services.php', 81)
 2 SYSTEMPATH\View\View.php(213): include('APPPATH\\Views\\services\\services.php')
 3 SYSTEMPATH\View\View.php(216): CodeIgniter\View\View->CodeIgniter\View\{closure}()
 4 SYSTEMPATH\Common.php(1134): CodeIgniter\View\View->render('services/services', [], true)
 5 APPPATH\Controllers\ServiceController.php(176): view('services/services', [...])
 6 SYSTEMPATH\CodeIgniter.php(927): App\Controllers\serviceController->services()
 7 SYSTEMPATH\CodeIgniter.php(482): CodeIgniter\CodeIgniter->runController(Object(App\Controllers\serviceController))
 8 SYSTEMPATH\CodeIgniter.php(351): CodeIgniter\CodeIgniter->handleRequest(null, Object(Config\Cache), false)
 9 FCPATH\index.php(67): CodeIgniter\CodeIgniter->run()
CRITICAL - 2022-11-18 06:40:49 --> syntax error, unexpected variable "$db", expecting "function" or "const"
in APPPATH\Models\UserModel.php on line 7.
 1 SYSTEMPATH\Autoloader\Autoloader.php(259): CodeIgniter\Autoloader\Autoloader->includeFile('APPPATH\\Models\\UserModel.php')
 2 SYSTEMPATH\Autoloader\Autoloader.php(237): CodeIgniter\Autoloader\Autoloader->loadInNamespace('App\\Models\\UserModel')
 3 APPPATH\Controllers\LoginController.php(72): CodeIgniter\Autoloader\Autoloader->loadClass('App\\Models\\UserModel')
 4 SYSTEMPATH\CodeIgniter.php(927): App\Controllers\LoginController->attemptLogin()
 5 SYSTEMPATH\CodeIgniter.php(482): CodeIgniter\CodeIgniter->runController(Object(App\Controllers\LoginController))
 6 SYSTEMPATH\CodeIgniter.php(351): CodeIgniter\CodeIgniter->handleRequest(null, Object(Config\Cache), false)
 7 FCPATH\index.php(67): CodeIgniter\CodeIgniter->run()
CRITICAL - 2022-11-18 06:41:57 --> syntax error, unexpected variable "$db"
in APPPATH\Models\UserModel.php on line 7.
 1 SYSTEMPATH\Autoloader\Autoloader.php(259): CodeIgniter\Autoloader\Autoloader->includeFile('APPPATH\\Models\\UserModel.php')
 2 SYSTEMPATH\Autoloader\Autoloader.php(237): CodeIgniter\Autoloader\Autoloader->loadInNamespace('App\\Models\\UserModel')
 3 APPPATH\Controllers\LoginController.php(72): CodeIgniter\Autoloader\Autoloader->loadClass('App\\Models\\UserModel')
 4 SYSTEMPATH\CodeIgniter.php(927): App\Controllers\LoginController->attemptLogin()
 5 SYSTEMPATH\CodeIgniter.php(482): CodeIgniter\CodeIgniter->runController(Object(App\Controllers\LoginController))
 6 SYSTEMPATH\CodeIgniter.php(351): CodeIgniter\CodeIgniter->handleRequest(null, Object(Config\Cache), false)
 7 FCPATH\index.php(67): CodeIgniter\CodeIgniter->run()
CRITICAL - 2022-11-18 06:42:08 --> Constant expression contains invalid operations
in APPPATH\Models\UserModel.php on line 7.
 1 [internal function]: CodeIgniter\Debug\Exceptions->shutdownHandler()
CRITICAL - 2022-11-18 06:42:36 --> Constant expression contains invalid operations
in APPPATH\Models\UserModel.php on line 7.
 1 [internal function]: CodeIgniter\Debug\Exceptions->shutdownHandler()
CRITICAL - 2022-11-18 06:57:38 --> Undefined variable $file
in APPPATH\Controllers\SparePartsController.php on line 103.
 1 APPPATH\Controllers\SparePartsController.php(103): CodeIgniter\Debug\Exceptions->errorHandler(2, 'Undefined variable $file', 'APPPATH\\Controllers\\SparePartsController.php', 103)
 2 SYSTEMPATH\CodeIgniter.php(927): App\Controllers\SparePartsController->add_spare_part()
 3 SYSTEMPATH\CodeIgniter.php(482): CodeIgniter\CodeIgniter->runController(Object(App\Controllers\SparePartsController))
 4 SYSTEMPATH\CodeIgniter.php(351): CodeIgniter\CodeIgniter->handleRequest(null, Object(Config\Cache), false)
 5 FCPATH\index.php(67): CodeIgniter\CodeIgniter->run()
CRITICAL - 2022-11-18 07:12:30 --> Call to a member function getRandomName() on null
in APPPATH\Controllers\SparePartsController.php on line 154.
 1 SYSTEMPATH\CodeIgniter.php(927): App\Controllers\SparePartsController->update_spare_part()
 2 SYSTEMPATH\CodeIgniter.php(482): CodeIgniter\CodeIgniter->runController(Object(App\Controllers\SparePartsController))
 3 SYSTEMPATH\CodeIgniter.php(351): CodeIgniter\CodeIgniter->handleRequest(null, Object(Config\Cache), false)
 4 FCPATH\index.php(67): CodeIgniter\CodeIgniter->run()
CRITICAL - 2022-11-18 07:14:36 --> Call to a member function getRandomName() on null
in APPPATH\Controllers\SparePartsController.php on line 154.
 1 SYSTEMPATH\CodeIgniter.php(927): App\Controllers\SparePartsController->update_spare_part()
 2 SYSTEMPATH\CodeIgniter.php(482): CodeIgniter\CodeIgniter->runController(Object(App\Controllers\SparePartsController))
 3 SYSTEMPATH\CodeIgniter.php(351): CodeIgniter\CodeIgniter->handleRequest(null, Object(Config\Cache), false)
 4 FCPATH\index.php(67): CodeIgniter\CodeIgniter->run()
CRITICAL - 2022-11-18 07:21:34 --> Unclosed '[' on line 188 does not match '}'
in APPPATH\Controllers\SparePartsController.php on line 200.
 1 SYSTEMPATH\Autoloader\Autoloader.php(259): CodeIgniter\Autoloader\Autoloader->includeFile('APPPATH\\Controllers\\SparePartsController.php')
 2 SYSTEMPATH\Autoloader\Autoloader.php(237): CodeIgniter\Autoloader\Autoloader->loadInNamespace('App\\Controllers\\SparePartsController')
 3 [internal function]: CodeIgniter\Autoloader\Autoloader->loadClass('App\\Controllers\\SparePartsController')
 4 SYSTEMPATH\CodeIgniter.php(877): class_exists('\\App\\Controllers\\SparePartsController', true)
 5 SYSTEMPATH\CodeIgniter.php(469): CodeIgniter\CodeIgniter->startController()
 6 SYSTEMPATH\CodeIgniter.php(351): CodeIgniter\CodeIgniter->handleRequest(null, Object(Config\Cache), false)
 7 FCPATH\index.php(67): CodeIgniter\CodeIgniter->run()
CRITICAL - 2022-11-18 07:21:57 --> syntax error, unexpected token "}"
in APPPATH\Controllers\SparePartsController.php on line 201.
 1 SYSTEMPATH\Autoloader\Autoloader.php(259): CodeIgniter\Autoloader\Autoloader->includeFile('APPPATH\\Controllers\\SparePartsController.php')
 2 SYSTEMPATH\Autoloader\Autoloader.php(237): CodeIgniter\Autoloader\Autoloader->loadInNamespace('App\\Controllers\\SparePartsController')
 3 [internal function]: CodeIgniter\Autoloader\Autoloader->loadClass('App\\Controllers\\SparePartsController')
 4 SYSTEMPATH\CodeIgniter.php(877): class_exists('\\App\\Controllers\\SparePartsController', true)
 5 SYSTEMPATH\CodeIgniter.php(469): CodeIgniter\CodeIgniter->startController()
 6 SYSTEMPATH\CodeIgniter.php(351): CodeIgniter\CodeIgniter->handleRequest(null, Object(Config\Cache), false)
 7 FCPATH\index.php(67): CodeIgniter\CodeIgniter->run()
CRITICAL - 2022-11-18 07:22:12 --> Call to a member function isValid() on bool
in APPPATH\Controllers\SparePartsController.php on line 205.
 1 SYSTEMPATH\CodeIgniter.php(927): App\Controllers\SparePartsController->update_spare_part()
 2 SYSTEMPATH\CodeIgniter.php(482): CodeIgniter\CodeIgniter->runController(Object(App\Controllers\SparePartsController))
 3 SYSTEMPATH\CodeIgniter.php(351): CodeIgniter\CodeIgniter->handleRequest(null, Object(Config\Cache), false)
 4 FCPATH\index.php(67): CodeIgniter\CodeIgniter->run()
CRITICAL - 2022-11-18 07:22:36 --> Call to a member function isValid() on bool
in APPPATH\Controllers\SparePartsController.php on line 201.
 1 SYSTEMPATH\CodeIgniter.php(927): App\Controllers\SparePartsController->update_spare_part()
 2 SYSTEMPATH\CodeIgniter.php(482): CodeIgniter\CodeIgniter->runController(Object(App\Controllers\SparePartsController))
 3 SYSTEMPATH\CodeIgniter.php(351): CodeIgniter\CodeIgniter->handleRequest(null, Object(Config\Cache), false)
 4 FCPATH\index.php(67): CodeIgniter\CodeIgniter->run()
CRITICAL - 2022-11-18 22:22:12 --> Invalid file: spare_part/spare_part.php
in SYSTEMPATH\Exceptions\FrameworkException.php on line 33.
 1 SYSTEMPATH\View\View.php(201): CodeIgniter\Exceptions\FrameworkException::forInvalidFile('spare_part/spare_part.php')
 2 SYSTEMPATH\Common.php(1134): CodeIgniter\View\View->render('spare_part/spare_part', [], true)
 3 APPPATH\Controllers\SparePartsController.php(228): view('spare_part/spare_part', [...])
 4 SYSTEMPATH\CodeIgniter.php(927): App\Controllers\SparePartsController->spare_part()
 5 SYSTEMPATH\CodeIgniter.php(482): CodeIgniter\CodeIgniter->runController(Object(App\Controllers\SparePartsController))
 6 SYSTEMPATH\CodeIgniter.php(351): CodeIgniter\CodeIgniter->handleRequest(null, Object(Config\Cache), false)
 7 FCPATH\index.php(67): CodeIgniter\CodeIgniter->run()
CRITICAL - 2022-11-18 22:26:29 --> Undefined variable $service_station
in APPPATH\Views\spare_part.php on line 68.
 1 APPPATH\Views\spare_part.php(68): CodeIgniter\Debug\Exceptions->errorHandler(2, 'Undefined variable $service_station', 'APPPATH\\Views\\spare_part.php', 68)
 2 SYSTEMPATH\View\View.php(213): include('APPPATH\\Views\\spare_part.php')
 3 SYSTEMPATH\View\View.php(216): CodeIgniter\View\View->CodeIgniter\View\{closure}()
 4 SYSTEMPATH\Common.php(1134): CodeIgniter\View\View->render('spare_part', [], true)
 5 APPPATH\Controllers\SparePartsController.php(228): view('spare_part', [...])
 6 SYSTEMPATH\CodeIgniter.php(927): App\Controllers\SparePartsController->spare_part()
 7 SYSTEMPATH\CodeIgniter.php(482): CodeIgniter\CodeIgniter->runController(Object(App\Controllers\SparePartsController))
 8 SYSTEMPATH\CodeIgniter.php(351): CodeIgniter\CodeIgniter->handleRequest(null, Object(Config\Cache), false)
 9 FCPATH\index.php(67): CodeIgniter\CodeIgniter->run()
CRITICAL - 2022-11-18 22:26:47 --> Undefined array key "activation"
in APPPATH\Views\spare_part.php on line 69.
 1 APPPATH\Views\spare_part.php(69): CodeIgniter\Debug\Exceptions->errorHandler(2, 'Undefined array key "activation"', 'APPPATH\\Views\\spare_part.php', 69)
 2 SYSTEMPATH\View\View.php(213): include('APPPATH\\Views\\spare_part.php')
 3 SYSTEMPATH\View\View.php(216): CodeIgniter\View\View->CodeIgniter\View\{closure}()
 4 SYSTEMPATH\Common.php(1134): CodeIgniter\View\View->render('spare_part', [], true)
 5 APPPATH\Controllers\SparePartsController.php(228): view('spare_part', [...])
 6 SYSTEMPATH\CodeIgniter.php(927): App\Controllers\SparePartsController->spare_part()
 7 SYSTEMPATH\CodeIgniter.php(482): CodeIgniter\CodeIgniter->runController(Object(App\Controllers\SparePartsController))
 8 SYSTEMPATH\CodeIgniter.php(351): CodeIgniter\CodeIgniter->handleRequest(null, Object(Config\Cache), false)
 9 FCPATH\index.php(67): CodeIgniter\CodeIgniter->run()
CRITICAL - 2022-11-18 22:39:05 --> Undefined array key "address"
in APPPATH\Views\spare_part.php on line 127.
 1 APPPATH\Views\spare_part.php(127): CodeIgniter\Debug\Exceptions->errorHandler(2, 'Undefined array key "address"', 'APPPATH\\Views\\spare_part.php', 127)
 2 SYSTEMPATH\View\View.php(213): include('APPPATH\\Views\\spare_part.php')
 3 SYSTEMPATH\View\View.php(216): CodeIgniter\View\View->CodeIgniter\View\{closure}()
 4 SYSTEMPATH\Common.php(1134): CodeIgniter\View\View->render('spare_part', [], true)
 5 APPPATH\Controllers\SparePartsController.php(228): view('spare_part', [...])
 6 SYSTEMPATH\CodeIgniter.php(927): App\Controllers\SparePartsController->spare_part()
 7 SYSTEMPATH\CodeIgniter.php(482): CodeIgniter\CodeIgniter->runController(Object(App\Controllers\SparePartsController))
 8 SYSTEMPATH\CodeIgniter.php(351): CodeIgniter\CodeIgniter->handleRequest(null, Object(Config\Cache), false)
 9 FCPATH\index.php(67): CodeIgniter\CodeIgniter->run()
CRITICAL - 2022-11-18 22:42:52 --> Undefined array key "barnd"
in APPPATH\Views\spare_part.php on line 127.
 1 APPPATH\Views\spare_part.php(127): CodeIgniter\Debug\Exceptions->errorHandler(2, 'Undefined array key "barnd"', 'APPPATH\\Views\\spare_part.php', 127)
 2 SYSTEMPATH\View\View.php(213): include('APPPATH\\Views\\spare_part.php')
 3 SYSTEMPATH\View\View.php(216): CodeIgniter\View\View->CodeIgniter\View\{closure}()
 4 SYSTEMPATH\Common.php(1134): CodeIgniter\View\View->render('spare_part', [], true)
 5 APPPATH\Controllers\SparePartsController.php(228): view('spare_part', [...])
 6 SYSTEMPATH\CodeIgniter.php(927): App\Controllers\SparePartsController->spare_part()
 7 SYSTEMPATH\CodeIgniter.php(482): CodeIgniter\CodeIgniter->runController(Object(App\Controllers\SparePartsController))
 8 SYSTEMPATH\CodeIgniter.php(351): CodeIgniter\CodeIgniter->handleRequest(null, Object(Config\Cache), false)
 9 FCPATH\index.php(67): CodeIgniter\CodeIgniter->run()
CRITICAL - 2022-11-18 22:44:05 --> Undefined array key "address"
in APPPATH\Views\spare_part.php on line 159.
 1 APPPATH\Views\spare_part.php(159): CodeIgniter\Debug\Exceptions->errorHandler(2, 'Undefined array key "address"', 'APPPATH\\Views\\spare_part.php', 159)
 2 SYSTEMPATH\View\View.php(213): include('APPPATH\\Views\\spare_part.php')
 3 SYSTEMPATH\View\View.php(216): CodeIgniter\View\View->CodeIgniter\View\{closure}()
 4 SYSTEMPATH\Common.php(1134): CodeIgniter\View\View->render('spare_part', [], true)
 5 APPPATH\Controllers\SparePartsController.php(228): view('spare_part', [...])
 6 SYSTEMPATH\CodeIgniter.php(927): App\Controllers\SparePartsController->spare_part()
 7 SYSTEMPATH\CodeIgniter.php(482): CodeIgniter\CodeIgniter->runController(Object(App\Controllers\SparePartsController))
 8 SYSTEMPATH\CodeIgniter.php(351): CodeIgniter\CodeIgniter->handleRequest(null, Object(Config\Cache), false)
 9 FCPATH\index.php(67): CodeIgniter\CodeIgniter->run()
CRITICAL - 2022-11-18 22:47:46 --> Undefined array key "profile_image"
in APPPATH\Views\spare_part.php on line 76.
 1 APPPATH\Views\spare_part.php(76): CodeIgniter\Debug\Exceptions->errorHandler(2, 'Undefined array key "profile_image"', 'APPPATH\\Views\\spare_part.php', 76)
 2 SYSTEMPATH\View\View.php(213): include('APPPATH\\Views\\spare_part.php')
 3 SYSTEMPATH\View\View.php(216): CodeIgniter\View\View->CodeIgniter\View\{closure}()
 4 SYSTEMPATH\Common.php(1134): CodeIgniter\View\View->render('spare_part', [], true)
 5 APPPATH\Controllers\SparePartsController.php(228): view('spare_part', [...])
 6 SYSTEMPATH\CodeIgniter.php(927): App\Controllers\SparePartsController->spare_part()
 7 SYSTEMPATH\CodeIgniter.php(482): CodeIgniter\CodeIgniter->runController(Object(App\Controllers\SparePartsController))
 8 SYSTEMPATH\CodeIgniter.php(351): CodeIgniter\CodeIgniter->handleRequest(null, Object(Config\Cache), false)
 9 FCPATH\index.php(67): CodeIgniter\CodeIgniter->run()
CRITICAL - 2022-11-18 22:51:06 --> Undefined array key "part_name"
in APPPATH\Views\spare_part.php on line 103.
 1 APPPATH\Views\spare_part.php(103): CodeIgniter\Debug\Exceptions->errorHandler(2, 'Undefined array key "part_name"', 'APPPATH\\Views\\spare_part.php', 103)
 2 SYSTEMPATH\View\View.php(213): include('APPPATH\\Views\\spare_part.php')
 3 SYSTEMPATH\View\View.php(216): CodeIgniter\View\View->CodeIgniter\View\{closure}()
 4 SYSTEMPATH\Common.php(1134): CodeIgniter\View\View->render('spare_part', [], true)
 5 APPPATH\Controllers\SparePartsController.php(228): view('spare_part', [...])
 6 SYSTEMPATH\CodeIgniter.php(927): App\Controllers\SparePartsController->spare_part()
 7 SYSTEMPATH\CodeIgniter.php(482): CodeIgniter\CodeIgniter->runController(Object(App\Controllers\SparePartsController))
 8 SYSTEMPATH\CodeIgniter.php(351): CodeIgniter\CodeIgniter->handleRequest(null, Object(Config\Cache), false)
 9 FCPATH\index.php(67): CodeIgniter\CodeIgniter->run()
