CRITICAL - 2022-12-14 00:02:33 --> Undefined variable $page_name
in APPPATH/Views/layouts/site_layout.php on line 178.
 1 APPPATH/Views/layouts/site_layout.php(178): CodeIgniter\Debug\Exceptions->errorHandler(2, 'Undefined variable $page_name', 'APPPATH/Views/layouts/site_layout.php', 178)
 2 SYSTEMPATH/View/View.php(213): include('APPPATH/Views/layouts/site_layout.php')
 3 SYSTEMPATH/View/View.php(216): CodeIgniter\View\View->CodeIgniter\View\{closure}()
 4 SYSTEMPATH/View/View.php(229): CodeIgniter\View\View->render('layouts/site_layout', [], true)
 5 SYSTEMPATH/Common.php(1134): CodeIgniter\View\View->render('customer/login.php', [], true)
 6 APPPATH/Controllers/CustomerController.php(742): view('customer/login.php')
 7 SYSTEMPATH/CodeIgniter.php(927): App\Controllers\CustomerController->vehicles_information()
 8 SYSTEMPATH/CodeIgniter.php(482): CodeIgniter\CodeIgniter->runController(Object(App\Controllers\CustomerController))
 9 SYSTEMPATH/CodeIgniter.php(351): CodeIgniter\CodeIgniter->handleRequest(null, Object(Config\Cache), false)
10 FCPATH/index.php(67): CodeIgniter\CodeIgniter->run()
CRITICAL - 2022-12-14 00:04:36 --> Undefined variable $page_name
in APPPATH/Views/layouts/site_layout.php on line 178.
 1 APPPATH/Views/layouts/site_layout.php(178): CodeIgniter\Debug\Exceptions->errorHandler(2, 'Undefined variable $page_name', 'APPPATH/Views/layouts/site_layout.php', 178)
 2 SYSTEMPATH/View/View.php(213): include('APPPATH/Views/layouts/site_layout.php')
 3 SYSTEMPATH/View/View.php(216): CodeIgniter\View\View->CodeIgniter\View\{closure}()
 4 SYSTEMPATH/View/View.php(229): CodeIgniter\View\View->render('layouts/site_layout', [], true)
 5 SYSTEMPATH/Common.php(1134): CodeIgniter\View\View->render('customer/login.php', [], true)
 6 APPPATH/Controllers/CustomerController.php(742): view('customer/login.php')
 7 SYSTEMPATH/CodeIgniter.php(927): App\Controllers\CustomerController->vehicles_information()
 8 SYSTEMPATH/CodeIgniter.php(482): CodeIgniter\CodeIgniter->runController(Object(App\Controllers\CustomerController))
 9 SYSTEMPATH/CodeIgniter.php(351): CodeIgniter\CodeIgniter->handleRequest(null, Object(Config\Cache), false)
10 FCPATH/index.php(67): CodeIgniter\CodeIgniter->run()
CRITICAL - 2022-12-14 00:04:37 --> Undefined variable $page_name
in APPPATH/Views/layouts/site_layout.php on line 178.
 1 APPPATH/Views/layouts/site_layout.php(178): CodeIgniter\Debug\Exceptions->errorHandler(2, 'Undefined variable $page_name', 'APPPATH/Views/layouts/site_layout.php', 178)
 2 SYSTEMPATH/View/View.php(213): include('APPPATH/Views/layouts/site_layout.php')
 3 SYSTEMPATH/View/View.php(216): CodeIgniter\View\View->CodeIgniter\View\{closure}()
 4 SYSTEMPATH/View/View.php(229): CodeIgniter\View\View->render('layouts/site_layout', [], true)
 5 SYSTEMPATH/Common.php(1134): CodeIgniter\View\View->render('customer/login.php', [], true)
 6 APPPATH/Controllers/CustomerController.php(742): view('customer/login.php')
 7 SYSTEMPATH/CodeIgniter.php(927): App\Controllers\CustomerController->vehicles_information()
 8 SYSTEMPATH/CodeIgniter.php(482): CodeIgniter\CodeIgniter->runController(Object(App\Controllers\CustomerController))
 9 SYSTEMPATH/CodeIgniter.php(351): CodeIgniter\CodeIgniter->handleRequest(null, Object(Config\Cache), false)
10 FCPATH/index.php(67): CodeIgniter\CodeIgniter->run()
CRITICAL - 2022-12-14 00:04:37 --> Undefined variable $page_name
in APPPATH/Views/layouts/site_layout.php on line 178.
 1 APPPATH/Views/layouts/site_layout.php(178): CodeIgniter\Debug\Exceptions->errorHandler(2, 'Undefined variable $page_name', 'APPPATH/Views/layouts/site_layout.php', 178)
 2 SYSTEMPATH/View/View.php(213): include('APPPATH/Views/layouts/site_layout.php')
 3 SYSTEMPATH/View/View.php(216): CodeIgniter\View\View->CodeIgniter\View\{closure}()
 4 SYSTEMPATH/View/View.php(229): CodeIgniter\View\View->render('layouts/site_layout', [], true)
 5 SYSTEMPATH/Common.php(1134): CodeIgniter\View\View->render('customer/login.php', [], true)
 6 APPPATH/Controllers/CustomerController.php(742): view('customer/login.php')
 7 SYSTEMPATH/CodeIgniter.php(927): App\Controllers\CustomerController->vehicles_information()
 8 SYSTEMPATH/CodeIgniter.php(482): CodeIgniter\CodeIgniter->runController(Object(App\Controllers\CustomerController))
 9 SYSTEMPATH/CodeIgniter.php(351): CodeIgniter\CodeIgniter->handleRequest(null, Object(Config\Cache), false)
10 FCPATH/index.php(67): CodeIgniter\CodeIgniter->run()
CRITICAL - 2022-12-14 00:04:37 --> Undefined variable $page_name
in APPPATH/Views/layouts/site_layout.php on line 178.
 1 APPPATH/Views/layouts/site_layout.php(178): CodeIgniter\Debug\Exceptions->errorHandler(2, 'Undefined variable $page_name', 'APPPATH/Views/layouts/site_layout.php', 178)
 2 SYSTEMPATH/View/View.php(213): include('APPPATH/Views/layouts/site_layout.php')
 3 SYSTEMPATH/View/View.php(216): CodeIgniter\View\View->CodeIgniter\View\{closure}()
 4 SYSTEMPATH/View/View.php(229): CodeIgniter\View\View->render('layouts/site_layout', [], true)
 5 SYSTEMPATH/Common.php(1134): CodeIgniter\View\View->render('customer/login.php', [], true)
 6 APPPATH/Controllers/CustomerController.php(742): view('customer/login.php')
 7 SYSTEMPATH/CodeIgniter.php(927): App\Controllers\CustomerController->vehicles_information()
 8 SYSTEMPATH/CodeIgniter.php(482): CodeIgniter\CodeIgniter->runController(Object(App\Controllers\CustomerController))
 9 SYSTEMPATH/CodeIgniter.php(351): CodeIgniter\CodeIgniter->handleRequest(null, Object(Config\Cache), false)
10 FCPATH/index.php(67): CodeIgniter\CodeIgniter->run()
CRITICAL - 2022-12-14 00:04:38 --> Undefined variable $page_name
in APPPATH/Views/layouts/site_layout.php on line 178.
 1 APPPATH/Views/layouts/site_layout.php(178): CodeIgniter\Debug\Exceptions->errorHandler(2, 'Undefined variable $page_name', 'APPPATH/Views/layouts/site_layout.php', 178)
 2 SYSTEMPATH/View/View.php(213): include('APPPATH/Views/layouts/site_layout.php')
 3 SYSTEMPATH/View/View.php(216): CodeIgniter\View\View->CodeIgniter\View\{closure}()
 4 SYSTEMPATH/View/View.php(229): CodeIgniter\View\View->render('layouts/site_layout', [], true)
 5 SYSTEMPATH/Common.php(1134): CodeIgniter\View\View->render('customer/login.php', [], true)
 6 APPPATH/Controllers/CustomerController.php(742): view('customer/login.php')
 7 SYSTEMPATH/CodeIgniter.php(927): App\Controllers\CustomerController->vehicles_information()
 8 SYSTEMPATH/CodeIgniter.php(482): CodeIgniter\CodeIgniter->runController(Object(App\Controllers\CustomerController))
 9 SYSTEMPATH/CodeIgniter.php(351): CodeIgniter\CodeIgniter->handleRequest(null, Object(Config\Cache), false)
10 FCPATH/index.php(67): CodeIgniter\CodeIgniter->run()
CRITICAL - 2022-12-14 00:04:39 --> Undefined variable $page_name
in APPPATH/Views/layouts/site_layout.php on line 178.
 1 APPPATH/Views/layouts/site_layout.php(178): CodeIgniter\Debug\Exceptions->errorHandler(2, 'Undefined variable $page_name', 'APPPATH/Views/layouts/site_layout.php', 178)
 2 SYSTEMPATH/View/View.php(213): include('APPPATH/Views/layouts/site_layout.php')
 3 SYSTEMPATH/View/View.php(216): CodeIgniter\View\View->CodeIgniter\View\{closure}()
 4 SYSTEMPATH/View/View.php(229): CodeIgniter\View\View->render('layouts/site_layout', [], true)
 5 SYSTEMPATH/Common.php(1134): CodeIgniter\View\View->render('customer/login.php', [], true)
 6 APPPATH/Controllers/CustomerController.php(742): view('customer/login.php')
 7 SYSTEMPATH/CodeIgniter.php(927): App\Controllers\CustomerController->vehicles_information()
 8 SYSTEMPATH/CodeIgniter.php(482): CodeIgniter\CodeIgniter->runController(Object(App\Controllers\CustomerController))
 9 SYSTEMPATH/CodeIgniter.php(351): CodeIgniter\CodeIgniter->handleRequest(null, Object(Config\Cache), false)
10 FCPATH/index.php(67): CodeIgniter\CodeIgniter->run()
CRITICAL - 2022-12-14 00:46:22 --> syntax error, unexpected token "?"
in APPPATH/Views/spare_part/index.php on line 221.
 1 SYSTEMPATH/View/View.php(216): CodeIgniter\View\View->CodeIgniter\View\{closure}()
 2 SYSTEMPATH/Common.php(1134): CodeIgniter\View\View->render('spare_part/index', [], true)
 3 APPPATH/Controllers/SparePartsController.php(65): view('spare_part/index', [...])
 4 SYSTEMPATH/CodeIgniter.php(927): App\Controllers\SparePartsController->index()
 5 SYSTEMPATH/CodeIgniter.php(482): CodeIgniter\CodeIgniter->runController(Object(App\Controllers\SparePartsController))
 6 SYSTEMPATH/CodeIgniter.php(351): CodeIgniter\CodeIgniter->handleRequest(null, Object(Config\Cache), false)
 7 FCPATH/index.php(67): CodeIgniter\CodeIgniter->run()
CRITICAL - 2022-12-14 00:48:39 --> Call to undefined function data()
in APPPATH/Views/spare_part/index.php on line 136.
 1 SYSTEMPATH/View/View.php(213): include()
 2 SYSTEMPATH/View/View.php(216): CodeIgniter\View\View->CodeIgniter\View\{closure}()
 3 SYSTEMPATH/Common.php(1134): CodeIgniter\View\View->render('spare_part/index', [], true)
 4 APPPATH/Controllers/SparePartsController.php(65): view('spare_part/index', [...])
 5 SYSTEMPATH/CodeIgniter.php(927): App\Controllers\SparePartsController->index()
 6 SYSTEMPATH/CodeIgniter.php(482): CodeIgniter\CodeIgniter->runController(Object(App\Controllers\SparePartsController))
 7 SYSTEMPATH/CodeIgniter.php(351): CodeIgniter\CodeIgniter->handleRequest(null, Object(Config\Cache), false)
 8 FCPATH/index.php(67): CodeIgniter\CodeIgniter->run()
